2025-03-20 10:57:22,845 [INFO] Activator:176 - 


2025-03-20 10:57:22,855 [INFO] Activator:177 - !SESSION log4j initialized
2025-03-20 10:57:29,640 [INFO] LogOutputStream:77 - [STDOUT_REDIRECT] 
2025-03-20 10:57:36,157 [INFO] ApplicationProperties:184 - Using Application install path: C:\ST\STM32CubeIDE_1.13.2\STM32CubeIDE\plugins\com.st.stm32cube.common.mx_6.9.2.202309101412
2025-03-20 10:57:36,187 [INFO] DbMcusXml:78 - Set database path to: C:\ST\STM32CubeIDE_1.13.2\STM32CubeIDE\plugins\com.st.stm32cube.common.mx_6.9.2.202309101412\\db\/mcu/
2025-03-20 10:57:36,188 [INFO] ApiDb:274 - Set plugin database path to: C:\ST\STM32CubeIDE_1.13.2\STM32CubeIDE\plugins\com.st.stm32cube.common.mx_6.9.2.202309101412\\db\/plugins/boardmanager/
2025-03-20 10:57:36,189 [WARN] ApiDb:259 - Overriding images path with different value:  => C:\ST\STM32CubeIDE_1.13.2\STM32CubeIDE\plugins\com.st.stm32cube.common.mx_6.9.2.202309101412\\db\/plugins/mcufinder/images/
2025-03-20 10:57:36,290 [INFO] ApiDb:250 - Set database path to: C:\Users\20222214\.stmcufinder\plugins\mcufinder//mcu/
2025-03-20 10:57:36,292 [INFO] DbMcusAds:125 - Set database path to: C:\Users\20222214\.stmcufinder\plugins\mcufinder//mcu/
2025-03-20 10:57:36,296 [INFO] CrossReferenceDbSqlite:203 - Set database path to: C:\Users\20222214\.stmcufinder\plugins\mcufinder//mcu/cs/
2025-03-20 10:57:36,516 [INFO] RulesReader:64 - Compatibility file has been processed (293 Rules)
2025-03-20 10:57:36,705 [INFO] DbMcusXml:78 - Set database path to: C:\ST\STM32CubeIDE_1.13.2\STM32CubeIDE\plugins\com.st.stm32cube.common.mx_6.9.2.202309101412\\db\/mcu/
2025-03-20 10:57:36,705 [INFO] ApiDb:274 - Set plugin database path to: C:\ST\STM32CubeIDE_1.13.2\STM32CubeIDE\plugins\com.st.stm32cube.common.mx_6.9.2.202309101412\\db\/plugins/boardmanager/
2025-03-20 10:57:36,705 [INFO] ApiDb:261 - Set plugin images path to: C:\ST\STM32CubeIDE_1.13.2\STM32CubeIDE\plugins\com.st.stm32cube.common.mx_6.9.2.202309101412\\db\/plugins/mcufinder/images/
2025-03-20 10:57:36,705 [WARN] DbFile:41 - Overriding database path with different value: C:\Users\20222214\.stmcufinder\plugins\mcufinder/ => C:\Users\20222214\.stmcufinder\plugins\mcufinder
2025-03-20 10:57:36,706 [INFO] ApiDb:250 - Set database path to: C:\Users\20222214\.stmcufinder\plugins\mcufinder//mcu/
2025-03-20 10:57:36,706 [WARN] DbFile:41 - Overriding database path with different value: C:\Users\20222214\.stmcufinder\plugins\mcufinder/ => C:\Users\20222214\.stmcufinder\plugins\mcufinder
2025-03-20 10:57:36,706 [INFO] DbMcusAds:125 - Set database path to: C:\Users\20222214\.stmcufinder\plugins\mcufinder//mcu/
2025-03-20 10:57:36,706 [WARN] DbFile:41 - Overriding database path with different value: C:\Users\20222214\.stmcufinder\plugins\mcufinder/ => C:\Users\20222214\.stmcufinder\plugins\mcufinder
2025-03-20 10:57:36,706 [WARN] DbFile:41 - Overriding database path with different value: C:\Users\20222214\.stmcufinder\plugins\mcufinder/ => C:\Users\20222214\.stmcufinder\plugins\mcufinder
2025-03-20 10:57:36,706 [INFO] CrossReferenceDbSqlite:203 - Set database path to: C:\Users\20222214\.stmcufinder\plugins\mcufinder//mcu/cs/
2025-03-20 10:57:36,855 [INFO] MainPanel:262 - HeapMemory: 268435456
2025-03-20 10:57:37,030 [INFO] DbMcusXml:78 - Set database path to: C:\ST\STM32CubeIDE_1.13.2\STM32CubeIDE\plugins\com.st.stm32cube.common.mx_6.9.2.202309101412\\db\/mcu/
2025-03-20 10:57:37,031 [INFO] ApiDb:274 - Set plugin database path to: C:\ST\STM32CubeIDE_1.13.2\STM32CubeIDE\plugins\com.st.stm32cube.common.mx_6.9.2.202309101412\\db\/plugins/boardmanager/
2025-03-20 10:57:37,031 [INFO] ApiDb:261 - Set plugin images path to: C:\ST\STM32CubeIDE_1.13.2\STM32CubeIDE\plugins\com.st.stm32cube.common.mx_6.9.2.202309101412\\db\/plugins/mcufinder/images/
2025-03-20 10:57:37,032 [WARN] DbFile:41 - Overriding database path with different value: C:\Users\20222214\.stmcufinder\plugins\mcufinder/ => C:\Users\20222214\.stmcufinder\plugins\mcufinder
2025-03-20 10:57:37,032 [INFO] ApiDb:250 - Set database path to: C:\Users\20222214\.stmcufinder\plugins\mcufinder//mcu/
2025-03-20 10:57:37,032 [WARN] DbFile:41 - Overriding database path with different value: C:\Users\20222214\.stmcufinder\plugins\mcufinder/ => C:\Users\20222214\.stmcufinder\plugins\mcufinder
2025-03-20 10:57:37,032 [INFO] DbMcusAds:125 - Set database path to: C:\Users\20222214\.stmcufinder\plugins\mcufinder//mcu/
2025-03-20 10:57:37,032 [WARN] DbFile:41 - Overriding database path with different value: C:\Users\20222214\.stmcufinder\plugins\mcufinder/ => C:\Users\20222214\.stmcufinder\plugins\mcufinder
2025-03-20 10:57:37,033 [WARN] DbFile:41 - Overriding database path with different value: C:\Users\20222214\.stmcufinder\plugins\mcufinder/ => C:\Users\20222214\.stmcufinder\plugins\mcufinder
2025-03-20 10:57:37,033 [INFO] CrossReferenceDbSqlite:203 - Set database path to: C:\Users\20222214\.stmcufinder\plugins\mcufinder//mcu/cs/
2025-03-20 10:57:37,066 [INFO] ApplicationProperties:184 - Using Application install path: C:\ST\STM32CubeIDE_1.13.2\STM32CubeIDE\plugins\com.st.stm32cube.common.mx_6.9.2.202309101412
2025-03-20 10:57:37,068 [INFO] PluginManage:196 - Search for loadable plugins [exclusion list=, ]
2025-03-20 10:57:37,070 [INFO] PluginManage:310 - Check plugin analytics
2025-03-20 10:57:41,908 [INFO] AnalyticsPlugin:253 - Accepted Software Licenses: 
2025-03-20 10:57:41,908 [INFO] AnalyticsPlugin:255 - Accepted CMSIS Pack Licenses: 
2025-03-20 10:57:41,908 [INFO] AnalyticsPlugin:257 - Accepted Firmware Licenses: 
2025-03-20 10:57:41,918 [INFO] PluginManage:359 - Loaded plugin analytics (category:tool,tabindex:-1)
2025-03-20 10:57:41,918 [INFO] PluginManage:310 - Check plugin cadmodel
2025-03-20 10:57:41,928 [INFO] CADModel:105 - Init CAD model plugin
2025-03-20 10:57:41,928 [INFO] PluginManage:359 - Loaded plugin cadmodel (category:power,tabindex:5)
2025-03-20 10:57:41,928 [INFO] PluginManage:310 - Check plugin clock
2025-03-20 10:57:41,938 [INFO] PluginManage:359 - Loaded plugin clock (category:base,tabindex:2)
2025-03-20 10:57:41,938 [INFO] PluginManage:310 - Check plugin ddr
2025-03-20 10:57:41,938 [INFO] PluginManage:359 - Loaded plugin ddr (category:tool,tabindex:6)
2025-03-20 10:57:41,938 [INFO] PluginManage:310 - Check plugin filemanager
2025-03-20 10:57:42,108 [INFO] PluginManage:359 - Loaded plugin filemanager (category:base,tabindex:10)
2025-03-20 10:57:42,108 [INFO] PluginManage:310 - Check plugin ipmanager
2025-03-20 10:57:42,118 [INFO] PluginManage:359 - Loaded plugin ipmanager (category:base,tabindex:5)
2025-03-20 10:57:42,118 [INFO] PluginManage:310 - Check plugin lpbam
2025-03-20 10:57:42,128 [INFO] PluginManage:359 - Loaded plugin lpbam (category:base,tabindex:0)
2025-03-20 10:57:42,128 [INFO] PluginManage:310 - Check plugin memorymap
2025-03-20 10:57:42,148 [INFO] PluginManage:359 - Loaded plugin memorymap (category:base,tabindex:4)
2025-03-20 10:57:42,148 [INFO] PluginManage:310 - Check plugin pinoutandconfiguration
2025-03-20 10:57:42,158 [INFO] PluginManage:359 - Loaded plugin pinoutandconfiguration (category:base,tabindex:1)
2025-03-20 10:57:42,158 [INFO] PluginManage:310 - Check plugin pinoutconfig
2025-03-20 10:57:42,278 [WARN] SupportedApi:132 - Cannot load RTOS API schema: s4s-elt-must-match.1: The content of 'definitions' must match (annotation?, (simpleType | complexType)?, (unique | key | keyref)*)). A problem was found starting at: attribute.
2025-03-20 10:57:42,508 [INFO] PluginManage:359 - Loaded plugin pinoutconfig (category:base,tabindex:0)
2025-03-20 10:57:42,508 [INFO] PluginManage:310 - Check plugin power
2025-03-20 10:57:42,528 [INFO] PluginManage:359 - Loaded plugin power (category:power,tabindex:4)
2025-03-20 10:57:42,528 [INFO] PluginManage:310 - Check plugin projectmanager
2025-03-20 10:57:42,558 [INFO] PluginManage:359 - Loaded plugin projectmanager (category:projectmanager,tabindex:3)
2025-03-20 10:57:42,558 [INFO] PluginManage:310 - Check plugin thirdparty
2025-03-20 10:57:42,928 [INFO] PluginManage:359 - Loaded plugin thirdparty (category:base,tabindex:-1)
2025-03-20 10:57:42,928 [WARN] IntegrityCheckThread:84 - waiting for thirdparty lock release [integrity check]
2025-03-20 10:57:42,937 [INFO] PluginManage:310 - Check plugin tools
2025-03-20 10:57:42,937 [INFO] IntegrityCheckThread:86 - entering critical section [integrity check]
2025-03-20 10:57:42,937 [INFO] ThirdPartyUpdaterWithRetryManager:70 - Updater plugin not ready yet. [1/15]
2025-03-20 10:57:42,937 [INFO] PluginManage:359 - Loaded plugin tools (category:base,tabindex:7)
2025-03-20 10:57:42,937 [INFO] PluginManage:310 - Check plugin tutovideos
2025-03-20 10:57:43,513 [INFO] PluginManage:359 - Loaded plugin tutovideos (category:base,tabindex:-1)
2025-03-20 10:57:43,513 [INFO] PluginManage:310 - Check plugin updater
2025-03-20 10:57:43,553 [INFO] PluginManage:359 - Loaded plugin updater (category:base,tabindex:12)
2025-03-20 10:57:43,553 [INFO] PluginManage:310 - Check plugin userauth
2025-03-20 10:57:43,563 [INFO] UserAuth:113 - Init User Auth plugin
2025-03-20 10:57:43,563 [INFO] PluginManage:359 - Loaded plugin userauth (category:base,tabindex:14)
2025-03-20 10:57:43,563 [INFO] PluginManage:283 - PluginManage : Loaded plugins [17]
2025-03-20 10:57:44,091 [INFO] PinOutPanel:1499 - setPackage(No Configuration,No Configuration)
2025-03-20 10:57:44,290 [INFO] CADModel:165 - CPN selected for project level
2025-03-20 10:57:44,290 [INFO] CADModel:114 - Register for checkConnection events
2025-03-20 10:57:44,311 [INFO] IPUIPlugin:80 - create IPUIPlugin
2025-03-20 10:57:44,311 [INFO] PluginManager:220 - loadIPPluginJar : add adc
2025-03-20 10:57:44,311 [INFO] IPUIPlugin:80 - create IPUIPlugin
2025-03-20 10:57:44,311 [INFO] PluginManager:220 - loadIPPluginJar : add aes
2025-03-20 10:57:44,311 [INFO] IPUIPlugin:80 - create IPUIPlugin
2025-03-20 10:57:44,311 [INFO] PluginManager:220 - loadIPPluginJar : add can
2025-03-20 10:57:44,324 [INFO] IPUIPlugin:80 - create IPUIPlugin
2025-03-20 10:57:44,324 [INFO] PluginManager:220 - loadIPPluginJar : add comp
2025-03-20 10:57:44,324 [INFO] IPUIPlugin:80 - create IPUIPlugin
2025-03-20 10:57:44,324 [INFO] PluginManager:220 - loadIPPluginJar : add cryp
2025-03-20 10:57:44,324 [INFO] IPUIPlugin:80 - create IPUIPlugin
2025-03-20 10:57:44,324 [INFO] PluginManager:220 - loadIPPluginJar : add dfsdm
2025-03-20 10:57:44,334 [INFO] IPUIPlugin:80 - create IPUIPlugin
2025-03-20 10:57:44,340 [INFO] PluginManager:220 - loadIPPluginJar : add dma
2025-03-20 10:57:44,344 [INFO] IPUIPlugin:80 - create IPUIPlugin
2025-03-20 10:57:44,344 [INFO] PluginManager:220 - loadIPPluginJar : add dma3
2025-03-20 10:57:44,347 [INFO] IPUIPlugin:80 - create IPUIPlugin
2025-03-20 10:57:44,347 [INFO] PluginManager:220 - loadIPPluginJar : add fatfs
2025-03-20 10:57:44,353 [INFO] IPUIPlugin:80 - create IPUIPlugin
2025-03-20 10:57:44,353 [INFO] PluginManager:220 - loadIPPluginJar : add fmc
2025-03-20 10:57:44,359 [INFO] IPUIPlugin:80 - create IPUIPlugin
2025-03-20 10:57:44,360 [INFO] PluginManager:220 - loadIPPluginJar : add freertos
2025-03-20 10:57:44,362 [INFO] IPUIPlugin:80 - create IPUIPlugin
2025-03-20 10:57:44,362 [INFO] PluginManager:220 - loadIPPluginJar : add genericplugin
2025-03-20 10:57:44,366 [INFO] IPUIPlugin:80 - create IPUIPlugin
2025-03-20 10:57:44,366 [INFO] PluginManager:220 - loadIPPluginJar : add gfxmmu
2025-03-20 10:57:44,371 [INFO] IPUIPlugin:80 - create IPUIPlugin
2025-03-20 10:57:44,372 [INFO] PluginManager:220 - loadIPPluginJar : add gic
2025-03-20 10:57:44,373 [INFO] IPUIPlugin:80 - create IPUIPlugin
2025-03-20 10:57:44,373 [INFO] PluginManager:220 - loadIPPluginJar : add gpio
2025-03-20 10:57:44,383 [INFO] IPUIPlugin:80 - create IPUIPlugin
2025-03-20 10:57:44,383 [INFO] PluginManager:220 - loadIPPluginJar : add gtzc
2025-03-20 10:57:44,383 [INFO] IPUIPlugin:80 - create IPUIPlugin
2025-03-20 10:57:44,383 [INFO] PluginManager:220 - loadIPPluginJar : add hash
2025-03-20 10:57:44,390 [INFO] IPUIPlugin:80 - create IPUIPlugin
2025-03-20 10:57:44,390 [INFO] PluginManager:220 - loadIPPluginJar : add i2c
2025-03-20 10:57:44,390 [INFO] IPUIPlugin:80 - create IPUIPlugin
2025-03-20 10:57:44,390 [INFO] PluginManager:220 - loadIPPluginJar : add i2s
2025-03-20 10:57:44,390 [INFO] IPUIPlugin:80 - create IPUIPlugin
2025-03-20 10:57:44,390 [INFO] PluginManager:220 - loadIPPluginJar : add i3c
2025-03-20 10:57:44,401 [INFO] IPUIPlugin:80 - create IPUIPlugin
2025-03-20 10:57:44,401 [INFO] PluginManager:220 - loadIPPluginJar : add ipddr
2025-03-20 10:57:44,412 [INFO] IPUIPlugin:80 - create IPUIPlugin
2025-03-20 10:57:44,412 [INFO] PluginManager:220 - loadIPPluginJar : add linkedlist
2025-03-20 10:57:44,417 [INFO] IPUIPlugin:80 - create IPUIPlugin
2025-03-20 10:57:44,417 [INFO] PluginManager:220 - loadIPPluginJar : add lorawan
2025-03-20 10:57:44,420 [INFO] IPUIPlugin:80 - create IPUIPlugin
2025-03-20 10:57:44,421 [INFO] PluginManager:220 - loadIPPluginJar : add ltdc
2025-03-20 10:57:44,429 [INFO] IPUIPlugin:80 - create IPUIPlugin
2025-03-20 10:57:44,429 [INFO] PluginManager:220 - loadIPPluginJar : add mdma
2025-03-20 10:57:44,435 [INFO] IPUIPlugin:80 - create IPUIPlugin
2025-03-20 10:57:44,435 [INFO] PluginManager:220 - loadIPPluginJar : add nvic
2025-03-20 10:57:44,439 [INFO] IPUIPlugin:80 - create IPUIPlugin
2025-03-20 10:57:44,439 [INFO] PluginManager:220 - loadIPPluginJar : add opamp
2025-03-20 10:57:44,439 [INFO] IPUIPlugin:80 - create IPUIPlugin
2025-03-20 10:57:44,439 [INFO] PluginManager:220 - loadIPPluginJar : add openamp
2025-03-20 10:57:44,450 [INFO] IPUIPlugin:80 - create IPUIPlugin
2025-03-20 10:57:44,450 [INFO] PluginManager:220 - loadIPPluginJar : add pdm2pcm
2025-03-20 10:57:44,463 [INFO] IPUIPlugin:80 - create IPUIPlugin
2025-03-20 10:57:44,469 [INFO] PluginManager:220 - loadIPPluginJar : add plateformsettings
2025-03-20 10:57:44,476 [INFO] IPUIPlugin:80 - create IPUIPlugin
2025-03-20 10:57:44,476 [INFO] PluginManager:220 - loadIPPluginJar : add quadspi
2025-03-20 10:57:44,483 [INFO] IPUIPlugin:80 - create IPUIPlugin
2025-03-20 10:57:44,483 [INFO] PluginManager:220 - loadIPPluginJar : add resmgrutility
2025-03-20 10:57:44,488 [INFO] IPUIPlugin:80 - create IPUIPlugin
2025-03-20 10:57:44,488 [INFO] PluginManager:220 - loadIPPluginJar : add sai
2025-03-20 10:57:44,494 [INFO] IPUIPlugin:80 - create IPUIPlugin
2025-03-20 10:57:44,494 [INFO] PluginManager:220 - loadIPPluginJar : add spi
2025-03-20 10:57:44,503 [INFO] IPUIPlugin:80 - create IPUIPlugin
2025-03-20 10:57:44,503 [INFO] PluginManager:220 - loadIPPluginJar : add stm32_wpan
2025-03-20 10:57:44,507 [INFO] IPUIPlugin:80 - create IPUIPlugin
2025-03-20 10:57:44,507 [INFO] PluginManager:220 - loadIPPluginJar : add tim
2025-03-20 10:57:44,507 [INFO] IPUIPlugin:80 - create IPUIPlugin
2025-03-20 10:57:44,507 [INFO] PluginManager:220 - loadIPPluginJar : add touchsensing
2025-03-20 10:57:44,517 [INFO] IPUIPlugin:80 - create IPUIPlugin
2025-03-20 10:57:44,517 [INFO] PluginManager:220 - loadIPPluginJar : add tracer_emb
2025-03-20 10:57:44,524 [INFO] IPUIPlugin:80 - create IPUIPlugin
2025-03-20 10:57:44,524 [INFO] PluginManager:220 - loadIPPluginJar : add ts
2025-03-20 10:57:44,524 [INFO] IPUIPlugin:80 - create IPUIPlugin
2025-03-20 10:57:44,524 [INFO] PluginManager:220 - loadIPPluginJar : add tsc
2025-03-20 10:57:44,534 [INFO] IPUIPlugin:80 - create IPUIPlugin
2025-03-20 10:57:44,534 [INFO] PluginManager:220 - loadIPPluginJar : add ucpd
2025-03-20 10:57:44,539 [INFO] IPUIPlugin:80 - create IPUIPlugin
2025-03-20 10:57:44,539 [INFO] PluginManager:220 - loadIPPluginJar : add usart
2025-03-20 10:57:44,545 [INFO] IPUIPlugin:80 - create IPUIPlugin
2025-03-20 10:57:44,545 [INFO] PluginManager:220 - loadIPPluginJar : add usbx
2025-03-20 10:57:44,689 [INFO] CADModel:165 - CPN selected for project level
2025-03-20 10:57:44,690 [INFO] CADModel:114 - Register for checkConnection events
2025-03-20 10:57:44,690 [FATAL] Updater:308 - Updater called before beeing initialized
2025-03-20 10:57:44,690 [ERROR] CADModel:125 - Updater not yet initialized, retry later 
2025-03-20 10:57:44,852 [INFO] CADModel:165 - CPN selected for project level
2025-03-20 10:57:44,852 [INFO] CADModel:114 - Register for checkConnection events
2025-03-20 10:57:44,852 [FATAL] Updater:308 - Updater called before beeing initialized
2025-03-20 10:57:44,852 [ERROR] CADModel:125 - Updater not yet initialized, retry later 
2025-03-20 10:57:44,857 [FATAL] Updater:308 - Updater called before beeing initialized
2025-03-20 10:57:45,019 [FATAL] Updater:308 - Updater called before beeing initialized
2025-03-20 10:57:45,027 [INFO] DbMcusAds:53 - JSON generation date=Tue Dec 17 18:01:15 EET 2024 (1734451275143)
2025-03-20 10:57:45,027 [FATAL] Updater:308 - Updater called before beeing initialized
2025-03-20 10:57:45,078 [WARN] DetailPanel:346 - Failed to get advertising image, set to default
2025-03-20 10:57:45,239 [FATAL] Updater:308 - Updater called before beeing initialized
2025-03-20 10:57:45,239 [FATAL] Updater:308 - Updater called before beeing initialized
2025-03-20 10:57:45,239 [FATAL] Updater:308 - Updater called before beeing initialized
2025-03-20 10:57:45,239 [WARN] DetailPanel:346 - Failed to get advertising image, set to default
2025-03-20 10:57:45,239 [FATAL] Updater:308 - Updater called before beeing initialized
2025-03-20 10:57:45,323 [ERROR] Updater:1120 - MainUpdater not yet initialized. External WinMGr cannot be set.
2025-03-20 10:57:45,323 [INFO] Updater:1056 - Updater Version found : 6.9.2
2025-03-20 10:57:45,367 [INFO] ApplicationProperties:184 - Using Application install path: C:\ST\STM32CubeIDE_1.13.2\STM32CubeIDE\plugins\com.st.stm32cube.common.mx_6.9.2.202309101412
2025-03-20 10:57:45,843 [INFO] MainUpdater:2868 - connection check result : 10
2025-03-20 10:57:45,844 [INFO] MainUpdater:3562 - Updater definition file requires update
2025-03-20 10:57:45,847 [INFO] MainUpdater:285 - Updater Check For Update Now.
2025-03-20 10:57:45,847 [INFO] MicroXplorer:498 - Change Database Version : DB.6.0.92
2025-03-20 10:57:45,869 [INFO] McuFinderGlobals:63 - Set McuFinder mode to 2 (CubeIDE integrated)
2025-03-20 10:57:45,870 [INFO] UserAuth:179 - activating auth plugin
2025-03-20 10:57:45,879 [INFO] UserAuth:393 - Internet connection configuration mode: 1
2025-03-20 10:57:45,939 [INFO] JxBrowserEngine:151 - Initiate JxBrowser Engine with user profile folder
2025-03-20 10:57:45,939 [WARN] MainUpdater:1189 - Updater busy. Cannot search thirdparties
2025-03-20 10:57:45,940 [INFO] ThirdPartyUpdaterWithRetryManager:96 - Updater plugin is busy. [1/15]
2025-03-20 10:57:45,949 [INFO] ServerAccessManage:473 - Download File updaters.zip
2025-03-20 10:57:46,081 [INFO] FileExtend:240 - Unzip File : updaters.zip
2025-03-20 10:57:46,081 [INFO] FileExtend:255 - Standard Zip Deflate
2025-03-20 10:57:47,029 [INFO] ServerAccessManage:473 - Download File PacksControlFlags.xml
2025-03-20 10:57:47,143 [INFO] ServerAccessManage:473 - Download File cubemx.pidx
2025-03-20 10:57:48,906 [INFO] ServerAccessManage:473 - Download File STMicroelectronics.X-CUBE-AZRTOS-H7RS.pdsc
2025-03-20 10:57:48,953 [WARN] MainUpdater:1189 - Updater busy. Cannot search thirdparties
2025-03-20 10:57:48,954 [INFO] ThirdPartyUpdaterWithRetryManager:96 - Updater plugin is busy. [2/15]
2025-03-20 10:57:49,016 [INFO] WebApp:157 - Instantiating new browser for Auth
2025-03-20 10:57:50,210 [WARN] PackLoader:240 - Cannot read IP mode file for STMicroelectronics.X-CUBE-AZRTOS-H7RS.1.1.0
2025-03-20 10:57:50,224 [INFO] PopulateThirdPartyThread:66 - Ending populate Thread
2025-03-20 10:57:50,227 [INFO] ThirdParty:1030 - CMSIS Pack Vendor :STMicroelectronics X-CUBE-AZRTOS-H7RS 1.1.0
2025-03-20 10:57:50,228 [INFO] LoadServerUpdatesThread:373 - End of LoadServerUpdate Thread
2025-03-20 10:57:50,389 [INFO] CheckServerUpdateThread:120 - End of CheckServer Thread
2025-03-20 10:57:50,590 [INFO] WebApp:753 - Register for checkConnection events
2025-03-20 10:57:50,591 [INFO] WebApp:390 - Apply proxy settings
2025-03-20 10:57:50,591 [INFO] WebApp:475 - Chromium requires no authentication
2025-03-20 10:57:50,607 [INFO] WebApp:418 - Direct internet connection detected
2025-03-20 10:57:50,902 [INFO] WebApp:188 - Starting web application
2025-03-20 10:57:50,902 [INFO] WebApp:520 - Web application path used C:\ST\STM32CubeIDE_1.13.2\STM32CubeIDE\plugins\com.st.stm32cube.common.mx_6.9.2.202309101412\db\plugins\mcufinder\reactClient1\index.html
2025-03-20 10:57:52,389 [WARN] PackLoader:240 - Cannot read IP mode file for STMicroelectronics.FP-SNS-MOTENVWB1.1.4.0
2025-03-20 10:57:52,403 [WARN] PackLoader:240 - Cannot read IP mode file for STMicroelectronics.FP-ATR-ASTRA1.2.0.2
2025-03-20 10:57:52,414 [WARN] PackLoader:240 - Cannot read IP mode file for STMicroelectronics.FP-ATR-ASTRA1.2.0.1
2025-03-20 10:57:52,436 [WARN] PackLoader:240 - Cannot read IP mode file for STMicroelectronics.X-CUBE-SMBUS.2.1.0
2025-03-20 10:57:52,450 [WARN] PackLoader:240 - Cannot read IP mode file for STMicroelectronics.X-CUBE-WB05N.1.1.0
2025-03-20 10:57:52,490 [WARN] PackLoader:240 - Cannot read IP mode file for STMicroelectronics.X-CUBE-AZRTOS-F7.1.1.0
2025-03-20 10:57:52,512 [WARN] PackLoader:240 - Cannot read IP mode file for STMicroelectronics.FP-SNS-FLIGHT1.5.0.2
2025-03-20 10:57:52,534 [ERROR] Engine:466 - C:\Users\20222214\.stm32cubemx\thirdparties\pdsc\Infineon.AIROC-Wi-Fi-Bluetooth-STM32.1.7.0.pdsc: PDSC version is not supported
2025-03-20 10:57:52,550 [WARN] PackLoader:240 - Cannot read IP mode file for STMicroelectronics.X-CUBE-DISPLAY.3.0.0
2025-03-20 10:57:52,571 [WARN] PackLoader:240 - Cannot read IP mode file for STMicroelectronics.X-CUBE-BLE1.7.0.0
2025-03-20 10:57:52,585 [WARN] PackLoader:240 - Cannot read IP mode file for STMicroelectronics.X-CUBE-NFC10.1.0.0
2025-03-20 10:57:52,598 [ERROR] Engine:466 - C:\Users\20222214\.stm32cubemx\thirdparties\pdsc\STMicroelectronics.X-CUBE-BLEMGR.4.0.0.pdsc: PDSC version is not supported
2025-03-20 10:57:52,610 [WARN] PackLoader:240 - Cannot read IP mode file for emotas.I-CUBE-CANOPEN.1.3.0
2025-03-20 10:57:52,621 [WARN] PackLoader:240 - Cannot read IP mode file for STMicroelectronics.X-CUBE-AI.10.0.0
2025-03-20 10:57:52,632 [WARN] PackLoader:240 - Cannot read IP mode file for STMicroelectronics.FP-SNS-SMARTAG2.1.2.0
2025-03-20 10:57:52,638 [ERROR] Engine:466 - C:\Users\20222214\.stm32cubemx\thirdparties\pdsc\STMicroelectronics.FP-SNS-FLIGHT1.5.1.0.pdsc: PDSC version is not supported
2025-03-20 10:57:52,744 [WARN] PackLoader:240 - Cannot read IP mode file for STMicroelectronics.X-CUBE-MEMS1.11.1.0
2025-03-20 10:57:53,024 [INFO] LogOutputStream:77 - [STDOUT_REDIRECT] 1 : Invalid condition id : UX_CORESTACK_Condition cause : null
2025-03-20 10:57:53,025 [INFO] LogOutputStream:77 - [STDOUT_REDIRECT] 1 : Invalid condition id : UX_CORESTACK_Condition cause : null
2025-03-20 10:57:53,032 [INFO] LogOutputStream:77 - [STDOUT_REDIRECT] 1 : Invalid condition id : UX_CORESTACK_Condition cause : null
2025-03-20 10:57:53,039 [INFO] LogOutputStream:77 - [STDOUT_REDIRECT] 1 : Invalid condition id : UX_CORESTACK_Condition cause : null
2025-03-20 10:57:53,042 [INFO] LogOutputStream:77 - [STDOUT_REDIRECT] 1 : Invalid condition id : UX_CORESTACK_Condition cause : null
2025-03-20 10:57:53,047 [WARN] PackLoader:240 - Cannot read IP mode file for STMicroelectronics.X-CUBE-AZRTOS-WL.2.0.0
2025-03-20 10:57:53,171 [WARN] PackLoader:240 - Cannot read IP mode file for STMicroelectronics.FP-SNS-MOTENV1.5.0.0
2025-03-20 10:57:53,182 [WARN] PackLoader:240 - Cannot read IP mode file for wolfSSL.I-CUBE-wolfMQTT.1.19.0
2025-03-20 10:57:53,196 [WARN] PackLoader:240 - Cannot read IP mode file for WES.I-CUBE-Cesium.1.3.0
2025-03-20 10:57:53,207 [WARN] PackLoader:240 - Cannot read IP mode file for STMicroelectronics.X-CUBE-BLE2.3.3.0
2025-03-20 10:57:53,221 [WARN] PackLoader:240 - Cannot read IP mode file for STMicroelectronics.X-CUBE-NFC9.1.0.0
2025-03-20 10:57:53,234 [WARN] PackLoader:240 - Cannot read IP mode file for STMicroelectronics.X-CUBE-BLE1.7.1.0
2025-03-20 10:57:53,266 [WARN] PackLoader:240 - Cannot read IP mode file for STMicroelectronics.X-CUBE-AZRTOS-G0.1.1.0
2025-03-20 10:57:53,282 [WARN] PackLoader:240 - Cannot read IP mode file for STMicroelectronics.X-CUBE-SAFEA1.1.2.2
2025-03-20 10:57:53,307 [WARN] PackLoader:240 - Cannot read IP mode file for STMicroelectronics.X-CUBE-NFC4.3.0.0
2025-03-20 10:57:53,315 [ERROR] Engine:466 - C:\Users\20222214\.stm32cubemx\thirdparties\pdsc\EmbeddedOffice.I-CUBE-FS-RTOS.1.0.1.pdsc: PDSC version is not supported
2025-03-20 10:57:53,321 [ERROR] Engine:466 - C:\Users\20222214\.stm32cubemx\thirdparties\pdsc\STMicroelectronics.X-CUBE-TCPP.4.2.0.pdsc: PDSC version is not supported
2025-03-20 10:57:53,326 [ERROR] Engine:466 - C:\Users\20222214\.stm32cubemx\thirdparties\pdsc\RealThread.X-CUBE-RT-Thread_Nano.4.1.1.pdsc: PDSC version is not supported
2025-03-20 10:57:53,334 [WARN] PackLoader:240 - Cannot read IP mode file for STMicroelectronics.FP-ATR-SIGFOX1.3.2.0
2025-03-20 10:57:53,340 [ERROR] Engine:466 - C:\Users\20222214\.stm32cubemx\thirdparties\pdsc\quantropi.X-CUBE-qispace-sdk-base.1.9.3.pdsc: PDSC version is not supported
2025-03-20 10:57:53,356 [WARN] PackLoader:240 - Cannot read IP mode file for STMicroelectronics.X-CUBE-EEPRMA1.5.1.0
2025-03-20 10:57:53,370 [WARN] PackLoader:240 - Cannot read IP mode file for wolfSSL.I-CUBE-wolfSSL.5.7.6
2025-03-20 10:57:53,392 [WARN] PackLoader:240 - Cannot read IP mode file for ITTIA_DB.I-CUBE-ITTIADB.8.9.0
2025-03-20 10:57:53,439 [WARN] PackLoader:240 - Cannot read IP mode file for SEGGER.I-CUBE-embOS.1.3.1
2025-03-20 10:57:53,540 [WARN] PackLoader:240 - Cannot read IP mode file for STMicroelectronics.X-CUBE-ALGOBUILD.1.4.0
2025-03-20 10:57:53,588 [WARN] PackLoader:240 - Cannot read IP mode file for STMicroelectronics.X-CUBE-AZRTOS-F4.1.1.0
2025-03-20 10:57:53,604 [WARN] PackLoader:240 - Cannot read IP mode file for STMicroelectronics.X-CUBE-ISPU.2.1.0
2025-03-20 10:57:53,640 [WARN] PackLoader:240 - Cannot read IP mode file for STMicroelectronics.X-CUBE-AZRTOS-L5.2.0.0
2025-03-20 10:57:53,666 [WARN] PackLoader:240 - Cannot read IP mode file for STMicroelectronics.X-CUBE-NFC6.3.1.0
2025-03-20 10:57:53,676 [ERROR] Engine:466 - C:\Users\20222214\.stm32cubemx\thirdparties\pdsc\STMicroelectronics.X-CUBE-DPower.1.2.0.pdsc: PDSC version is not supported
2025-03-20 10:57:53,686 [WARN] PackLoader:240 - Cannot read IP mode file for STMicroelectronics.X-CUBE-FREERTOS.1.3.0
2025-03-20 10:57:53,699 [WARN] PackLoader:240 - Cannot read IP mode file for STMicroelectronics.X-CUBE-NFC7.1.0.1
2025-03-20 10:57:53,728 [WARN] ConditionMgr:438 - getConditionDescription Invalid condition id : LAN8742 Phy interface Condition cause : null
2025-03-20 10:57:53,729 [WARN] PackLoader:240 - Cannot read IP mode file for STMicroelectronics.X-CUBE-AZRTOS-L4.2.0.0
2025-03-20 10:57:53,733 [WARN] ConditionMgr:1039 - genDependencies : Invalid condition id : LAN8742 Phy interface Condition cause : null
2025-03-20 10:57:53,734 [WARN] ConditionMgr:1039 - genDependencies : Invalid condition id : LAN8742 Phy interface Condition cause : null
2025-03-20 10:57:53,735 [WARN] ConditionMgr:1039 - genDependencies : Invalid condition id : LAN8742 Phy interface Condition cause : null
2025-03-20 10:57:53,748 [WARN] PackLoader:240 - Cannot read IP mode file for STMicroelectronics.X-CUBE-SFXS2LP1.4.0.0
2025-03-20 10:57:53,785 [WARN] PackLoader:240 - Cannot read IP mode file for STMicroelectronics.X-CUBE-AZRTOS-H7.3.3.0
2025-03-20 10:57:53,818 [WARN] ConditionMgr:438 - getConditionDescription Invalid condition id : UX DEVICE CLASS RTOS Condition cause : null
2025-03-20 10:57:53,818 [WARN] ConditionMgr:438 - getConditionDescription Invalid condition id : UX DEVICE CLASS RTOS Condition cause : null
2025-03-20 10:57:53,822 [WARN] PackLoader:240 - Cannot read IP mode file for STMicroelectronics.X-CUBE-AZRTOS-WB.2.0.0
2025-03-20 10:57:53,823 [WARN] ConditionMgr:1039 - genDependencies : Invalid condition id : UX DEVICE CLASS RTOS Condition cause : null
2025-03-20 10:57:53,823 [WARN] ConditionMgr:1039 - genDependencies : Invalid condition id : UX DEVICE CLASS RTOS Condition cause : null
2025-03-20 10:57:53,824 [WARN] ConditionMgr:1039 - genDependencies : Invalid condition id : UX DEVICE CLASS RTOS Condition cause : null
2025-03-20 10:57:53,825 [WARN] ConditionMgr:1039 - genDependencies : Invalid condition id : UX DEVICE CLASS RTOS Condition cause : null
2025-03-20 10:57:53,826 [WARN] ConditionMgr:1039 - genDependencies : Invalid condition id : UX DEVICE CLASS RTOS Condition cause : null
2025-03-20 10:57:53,839 [WARN] PackLoader:240 - Cannot read IP mode file for STMicroelectronics.X-CUBE-GNSS1.7.0.1
2025-03-20 10:57:53,855 [WARN] PackLoader:240 - Cannot read IP mode file for STMicroelectronics.X-CUBE-TOUCHGFX.4.25.0
2025-03-20 10:57:53,866 [ERROR] Engine:466 - C:\Users\20222214\.stm32cubemx\thirdparties\pdsc\STMicroelectronics.FP-SNS-STBOX1.2.0.0.pdsc: PDSC version is not supported
2025-03-20 10:57:53,891 [WARN] PackLoader:240 - Cannot read IP mode file for STMicroelectronics.X-CUBE-SUBG2.5.0.0
2025-03-20 10:57:53,925 [WARN] PackLoader:240 - Cannot read IP mode file for STMicroelectronics.X-CUBE-AZRTOS-H7RS.1.1.0
2025-03-20 10:57:53,941 [WARN] PackLoader:240 - Cannot read IP mode file for Cesanta.I-CUBE-Mongoose.7.13.0
2025-03-20 10:57:53,970 [WARN] PackLoader:240 - Cannot read IP mode file for STMicroelectronics.X-CUBE-AZRTOS-G4.2.0.0
2025-03-20 10:57:53,986 [ERROR] Engine:466 - C:\Users\20222214\.stm32cubemx\thirdparties\pdsc\STMicroelectronics.X-CUBE-IPS.3.1.0.pdsc: PDSC version is not supported
2025-03-20 10:57:53,997 [WARN] PackLoader:240 - Cannot read IP mode file for STMicroelectronics.X-CUBE-ALS.1.0.2
2025-03-20 10:57:54,008 [WARN] PackLoader:240 - Cannot read IP mode file for STMicroelectronics.X-CUBE-TOUCHGFX.4.24.2
2025-03-20 10:57:54,026 [WARN] PackLoader:240 - Cannot read IP mode file for wolfSSL.I-CUBE-wolfTPM.3.4.0
2025-03-20 10:57:54,042 [WARN] PackLoader:240 - Cannot read IP mode file for portGmbH.I-Cube-SoM-uGOAL.1.1.0
2025-03-20 10:57:54,070 [WARN] PackLoader:240 - Cannot read IP mode file for STMicroelectronics.X-CUBE-AZRTOS-H7RS.1.0.0
2025-03-20 10:57:54,084 [ERROR] Engine:466 - C:\Users\20222214\.stm32cubemx\thirdparties\pdsc\STMicroelectronics.X-CUBE-TOF1.3.4.2.pdsc: PDSC version is not supported
2025-03-20 10:57:54,091 [WARN] PackLoader:240 - Cannot read IP mode file for wolfSSL.I-CUBE-wolfSSH.1.4.17
2025-03-20 10:57:54,092 [INFO] ThirdParty:978 - Integrity check success = true
2025-03-20 10:57:54,092 [INFO] IntegrityCheckThread:100 - exiting critical section [integrity check]
2025-03-20 10:57:54,092 [INFO] IntegrityCheckThread:103 - End integrity checks thread
2025-03-20 10:58:12,288 [ERROR] LogOutputStream:75 - [STDERR_REDIRECT] SLF4J: Failed to load class "org.slf4j.impl.StaticLoggerBinder".
2025-03-20 10:58:12,290 [ERROR] LogOutputStream:75 - [STDERR_REDIRECT] SLF4J: Defaulting to no-operation (NOP) logger implementation
2025-03-20 10:58:12,293 [ERROR] LogOutputStream:75 - [STDERR_REDIRECT] SLF4J: See http://www.slf4j.org/codes.html#StaticLoggerBinder for further details.
