2025-02-20 10:35:02,766 [INFO] Activator:176 - 


2025-02-20 10:35:02,780 [INFO] Activator:177 - !SESSION log4j initialized
2025-02-20 10:35:10,838 [INFO] LogOutputStream:77 - [STDOUT_REDIRECT] 
2025-02-20 10:35:17,063 [INFO] ApplicationProperties:184 - Using Application install path: C:\ST\STM32CubeIDE_1.13.2\STM32CubeIDE\plugins\com.st.stm32cube.common.mx_6.9.2.202309101412
2025-02-20 10:35:17,100 [INFO] DbMcusXml:78 - Set database path to: C:\ST\STM32CubeIDE_1.13.2\STM32CubeIDE\plugins\com.st.stm32cube.common.mx_6.9.2.202309101412\\db\/mcu/
2025-02-20 10:35:17,102 [INFO] ApiDb:274 - Set plugin database path to: C:\ST\STM32CubeIDE_1.13.2\STM32CubeIDE\plugins\com.st.stm32cube.common.mx_6.9.2.202309101412\\db\/plugins/boardmanager/
2025-02-20 10:35:17,103 [WARN] ApiDb:259 - Overriding images path with different value:  => C:\ST\STM32CubeIDE_1.13.2\STM32CubeIDE\plugins\com.st.stm32cube.common.mx_6.9.2.202309101412\\db\/plugins/mcufinder/images/
2025-02-20 10:35:17,128 [INFO] ApiDb:250 - Set database path to: C:\Users\20222214\.stmcufinder\plugins\mcufinder//mcu/
2025-02-20 10:35:17,130 [INFO] DbMcusAds:125 - Set database path to: C:\Users\20222214\.stmcufinder\plugins\mcufinder//mcu/
2025-02-20 10:35:17,134 [INFO] CrossReferenceDbSqlite:203 - Set database path to: C:\Users\20222214\.stmcufinder\plugins\mcufinder//mcu/cs/
2025-02-20 10:35:17,336 [INFO] RulesReader:64 - Compatibility file has been processed (293 Rules)
2025-02-20 10:35:17,476 [INFO] DbMcusXml:78 - Set database path to: C:\ST\STM32CubeIDE_1.13.2\STM32CubeIDE\plugins\com.st.stm32cube.common.mx_6.9.2.202309101412\\db\/mcu/
2025-02-20 10:35:17,476 [INFO] ApiDb:274 - Set plugin database path to: C:\ST\STM32CubeIDE_1.13.2\STM32CubeIDE\plugins\com.st.stm32cube.common.mx_6.9.2.202309101412\\db\/plugins/boardmanager/
2025-02-20 10:35:17,476 [INFO] ApiDb:261 - Set plugin images path to: C:\ST\STM32CubeIDE_1.13.2\STM32CubeIDE\plugins\com.st.stm32cube.common.mx_6.9.2.202309101412\\db\/plugins/mcufinder/images/
2025-02-20 10:35:17,476 [WARN] DbFile:41 - Overriding database path with different value: C:\Users\20222214\.stmcufinder\plugins\mcufinder/ => C:\Users\20222214\.stmcufinder\plugins\mcufinder
2025-02-20 10:35:17,476 [INFO] ApiDb:250 - Set database path to: C:\Users\20222214\.stmcufinder\plugins\mcufinder//mcu/
2025-02-20 10:35:17,476 [WARN] DbFile:41 - Overriding database path with different value: C:\Users\20222214\.stmcufinder\plugins\mcufinder/ => C:\Users\20222214\.stmcufinder\plugins\mcufinder
2025-02-20 10:35:17,476 [INFO] DbMcusAds:125 - Set database path to: C:\Users\20222214\.stmcufinder\plugins\mcufinder//mcu/
2025-02-20 10:35:17,476 [WARN] DbFile:41 - Overriding database path with different value: C:\Users\20222214\.stmcufinder\plugins\mcufinder/ => C:\Users\20222214\.stmcufinder\plugins\mcufinder
2025-02-20 10:35:17,476 [WARN] DbFile:41 - Overriding database path with different value: C:\Users\20222214\.stmcufinder\plugins\mcufinder/ => C:\Users\20222214\.stmcufinder\plugins\mcufinder
2025-02-20 10:35:17,476 [INFO] CrossReferenceDbSqlite:203 - Set database path to: C:\Users\20222214\.stmcufinder\plugins\mcufinder//mcu/cs/
2025-02-20 10:35:17,596 [INFO] MainPanel:262 - HeapMemory: 268435456
2025-02-20 10:35:17,736 [INFO] DbMcusXml:78 - Set database path to: C:\ST\STM32CubeIDE_1.13.2\STM32CubeIDE\plugins\com.st.stm32cube.common.mx_6.9.2.202309101412\\db\/mcu/
2025-02-20 10:35:17,736 [INFO] ApiDb:274 - Set plugin database path to: C:\ST\STM32CubeIDE_1.13.2\STM32CubeIDE\plugins\com.st.stm32cube.common.mx_6.9.2.202309101412\\db\/plugins/boardmanager/
2025-02-20 10:35:17,736 [INFO] ApiDb:261 - Set plugin images path to: C:\ST\STM32CubeIDE_1.13.2\STM32CubeIDE\plugins\com.st.stm32cube.common.mx_6.9.2.202309101412\\db\/plugins/mcufinder/images/
2025-02-20 10:35:17,736 [WARN] DbFile:41 - Overriding database path with different value: C:\Users\20222214\.stmcufinder\plugins\mcufinder/ => C:\Users\20222214\.stmcufinder\plugins\mcufinder
2025-02-20 10:35:17,736 [INFO] ApiDb:250 - Set database path to: C:\Users\20222214\.stmcufinder\plugins\mcufinder//mcu/
2025-02-20 10:35:17,736 [WARN] DbFile:41 - Overriding database path with different value: C:\Users\20222214\.stmcufinder\plugins\mcufinder/ => C:\Users\20222214\.stmcufinder\plugins\mcufinder
2025-02-20 10:35:17,746 [INFO] DbMcusAds:125 - Set database path to: C:\Users\20222214\.stmcufinder\plugins\mcufinder//mcu/
2025-02-20 10:35:17,746 [WARN] DbFile:41 - Overriding database path with different value: C:\Users\20222214\.stmcufinder\plugins\mcufinder/ => C:\Users\20222214\.stmcufinder\plugins\mcufinder
2025-02-20 10:35:17,746 [WARN] DbFile:41 - Overriding database path with different value: C:\Users\20222214\.stmcufinder\plugins\mcufinder/ => C:\Users\20222214\.stmcufinder\plugins\mcufinder
2025-02-20 10:35:17,746 [INFO] CrossReferenceDbSqlite:203 - Set database path to: C:\Users\20222214\.stmcufinder\plugins\mcufinder//mcu/cs/
2025-02-20 10:35:17,776 [INFO] ApplicationProperties:184 - Using Application install path: C:\ST\STM32CubeIDE_1.13.2\STM32CubeIDE\plugins\com.st.stm32cube.common.mx_6.9.2.202309101412
2025-02-20 10:35:17,776 [INFO] PluginManage:196 - Search for loadable plugins [exclusion list=, ]
2025-02-20 10:35:17,786 [INFO] PluginManage:310 - Check plugin analytics
2025-02-20 10:35:22,566 [INFO] AnalyticsPlugin:253 - Accepted Software Licenses: 
2025-02-20 10:35:22,566 [INFO] AnalyticsPlugin:255 - Accepted CMSIS Pack Licenses: 
2025-02-20 10:35:22,566 [INFO] AnalyticsPlugin:257 - Accepted Firmware Licenses: 
2025-02-20 10:35:22,576 [INFO] PluginManage:359 - Loaded plugin analytics (category:tool,tabindex:-1)
2025-02-20 10:35:22,576 [INFO] PluginManage:310 - Check plugin cadmodel
2025-02-20 10:35:22,586 [INFO] CADModel:105 - Init CAD model plugin
2025-02-20 10:35:22,586 [INFO] PluginManage:359 - Loaded plugin cadmodel (category:power,tabindex:5)
2025-02-20 10:35:22,586 [INFO] PluginManage:310 - Check plugin clock
2025-02-20 10:35:22,596 [INFO] PluginManage:359 - Loaded plugin clock (category:base,tabindex:2)
2025-02-20 10:35:22,596 [INFO] PluginManage:310 - Check plugin ddr
2025-02-20 10:35:22,606 [INFO] PluginManage:359 - Loaded plugin ddr (category:tool,tabindex:6)
2025-02-20 10:35:22,606 [INFO] PluginManage:310 - Check plugin filemanager
2025-02-20 10:35:22,756 [INFO] PluginManage:359 - Loaded plugin filemanager (category:base,tabindex:10)
2025-02-20 10:35:22,756 [INFO] PluginManage:310 - Check plugin ipmanager
2025-02-20 10:35:22,766 [INFO] PluginManage:359 - Loaded plugin ipmanager (category:base,tabindex:5)
2025-02-20 10:35:22,766 [INFO] PluginManage:310 - Check plugin lpbam
2025-02-20 10:35:22,786 [INFO] PluginManage:359 - Loaded plugin lpbam (category:base,tabindex:0)
2025-02-20 10:35:22,786 [INFO] PluginManage:310 - Check plugin memorymap
2025-02-20 10:35:22,807 [INFO] PluginManage:359 - Loaded plugin memorymap (category:base,tabindex:4)
2025-02-20 10:35:22,807 [INFO] PluginManage:310 - Check plugin pinoutandconfiguration
2025-02-20 10:35:22,826 [INFO] PluginManage:359 - Loaded plugin pinoutandconfiguration (category:base,tabindex:1)
2025-02-20 10:35:22,826 [INFO] PluginManage:310 - Check plugin pinoutconfig
2025-02-20 10:35:22,926 [WARN] SupportedApi:132 - Cannot load RTOS API schema: s4s-elt-must-match.1: The content of 'definitions' must match (annotation?, (simpleType | complexType)?, (unique | key | keyref)*)). A problem was found starting at: attribute.
2025-02-20 10:35:23,107 [INFO] PluginManage:359 - Loaded plugin pinoutconfig (category:base,tabindex:0)
2025-02-20 10:35:23,107 [INFO] PluginManage:310 - Check plugin power
2025-02-20 10:35:23,126 [INFO] PluginManage:359 - Loaded plugin power (category:power,tabindex:4)
2025-02-20 10:35:23,126 [INFO] PluginManage:310 - Check plugin projectmanager
2025-02-20 10:35:23,146 [INFO] PluginManage:359 - Loaded plugin projectmanager (category:projectmanager,tabindex:3)
2025-02-20 10:35:23,146 [INFO] PluginManage:310 - Check plugin thirdparty
2025-02-20 10:35:23,336 [INFO] PluginManage:359 - Loaded plugin thirdparty (category:base,tabindex:-1)
2025-02-20 10:35:23,336 [WARN] IntegrityCheckThread:84 - waiting for thirdparty lock release [integrity check]
2025-02-20 10:35:23,336 [INFO] PluginManage:310 - Check plugin tools
2025-02-20 10:35:23,343 [INFO] IntegrityCheckThread:86 - entering critical section [integrity check]
2025-02-20 10:35:23,343 [INFO] ThirdPartyUpdaterWithRetryManager:70 - Updater plugin not ready yet. [1/15]
2025-02-20 10:35:23,343 [INFO] PluginManage:359 - Loaded plugin tools (category:base,tabindex:7)
2025-02-20 10:35:23,343 [INFO] PluginManage:310 - Check plugin tutovideos
2025-02-20 10:35:23,563 [INFO] PluginManage:359 - Loaded plugin tutovideos (category:base,tabindex:-1)
2025-02-20 10:35:23,563 [INFO] PluginManage:310 - Check plugin updater
2025-02-20 10:35:23,583 [INFO] PluginManage:359 - Loaded plugin updater (category:base,tabindex:12)
2025-02-20 10:35:23,583 [INFO] PluginManage:310 - Check plugin userauth
2025-02-20 10:35:23,583 [INFO] UserAuth:113 - Init User Auth plugin
2025-02-20 10:35:23,583 [INFO] PluginManage:359 - Loaded plugin userauth (category:base,tabindex:14)
2025-02-20 10:35:23,583 [INFO] PluginManage:283 - PluginManage : Loaded plugins [17]
2025-02-20 10:35:23,871 [INFO] PinOutPanel:1499 - setPackage(No Configuration,No Configuration)
2025-02-20 10:35:24,023 [INFO] CADModel:165 - CPN selected for project level
2025-02-20 10:35:24,023 [INFO] CADModel:114 - Register for checkConnection events
2025-02-20 10:35:24,053 [INFO] IPUIPlugin:80 - create IPUIPlugin
2025-02-20 10:35:24,054 [INFO] PluginManager:220 - loadIPPluginJar : add adc
2025-02-20 10:35:24,054 [INFO] IPUIPlugin:80 - create IPUIPlugin
2025-02-20 10:35:24,054 [INFO] PluginManager:220 - loadIPPluginJar : add aes
2025-02-20 10:35:24,073 [INFO] IPUIPlugin:80 - create IPUIPlugin
2025-02-20 10:35:24,073 [INFO] PluginManager:220 - loadIPPluginJar : add can
2025-02-20 10:35:24,073 [INFO] IPUIPlugin:80 - create IPUIPlugin
2025-02-20 10:35:24,073 [INFO] PluginManager:220 - loadIPPluginJar : add comp
2025-02-20 10:35:24,083 [INFO] IPUIPlugin:80 - create IPUIPlugin
2025-02-20 10:35:24,083 [INFO] PluginManager:220 - loadIPPluginJar : add cryp
2025-02-20 10:35:24,093 [INFO] IPUIPlugin:80 - create IPUIPlugin
2025-02-20 10:35:24,093 [INFO] PluginManager:220 - loadIPPluginJar : add dfsdm
2025-02-20 10:35:24,103 [INFO] IPUIPlugin:80 - create IPUIPlugin
2025-02-20 10:35:24,103 [INFO] PluginManager:220 - loadIPPluginJar : add dma
2025-02-20 10:35:24,113 [INFO] IPUIPlugin:80 - create IPUIPlugin
2025-02-20 10:35:24,113 [INFO] PluginManager:220 - loadIPPluginJar : add dma3
2025-02-20 10:35:24,113 [INFO] IPUIPlugin:80 - create IPUIPlugin
2025-02-20 10:35:24,113 [INFO] PluginManager:220 - loadIPPluginJar : add fatfs
2025-02-20 10:35:24,123 [INFO] IPUIPlugin:80 - create IPUIPlugin
2025-02-20 10:35:24,123 [INFO] PluginManager:220 - loadIPPluginJar : add fmc
2025-02-20 10:35:24,133 [INFO] IPUIPlugin:80 - create IPUIPlugin
2025-02-20 10:35:24,133 [INFO] PluginManager:220 - loadIPPluginJar : add freertos
2025-02-20 10:35:24,133 [INFO] IPUIPlugin:80 - create IPUIPlugin
2025-02-20 10:35:24,133 [INFO] PluginManager:220 - loadIPPluginJar : add genericplugin
2025-02-20 10:35:24,143 [INFO] IPUIPlugin:80 - create IPUIPlugin
2025-02-20 10:35:24,143 [INFO] PluginManager:220 - loadIPPluginJar : add gfxmmu
2025-02-20 10:35:24,143 [INFO] IPUIPlugin:80 - create IPUIPlugin
2025-02-20 10:35:24,143 [INFO] PluginManager:220 - loadIPPluginJar : add gic
2025-02-20 10:35:24,153 [INFO] IPUIPlugin:80 - create IPUIPlugin
2025-02-20 10:35:24,153 [INFO] PluginManager:220 - loadIPPluginJar : add gpio
2025-02-20 10:35:24,153 [INFO] IPUIPlugin:80 - create IPUIPlugin
2025-02-20 10:35:24,163 [INFO] PluginManager:220 - loadIPPluginJar : add gtzc
2025-02-20 10:35:24,163 [INFO] IPUIPlugin:80 - create IPUIPlugin
2025-02-20 10:35:24,163 [INFO] PluginManager:220 - loadIPPluginJar : add hash
2025-02-20 10:35:24,163 [INFO] IPUIPlugin:80 - create IPUIPlugin
2025-02-20 10:35:24,163 [INFO] PluginManager:220 - loadIPPluginJar : add i2c
2025-02-20 10:35:24,173 [INFO] IPUIPlugin:80 - create IPUIPlugin
2025-02-20 10:35:24,173 [INFO] PluginManager:220 - loadIPPluginJar : add i2s
2025-02-20 10:35:24,173 [INFO] IPUIPlugin:80 - create IPUIPlugin
2025-02-20 10:35:24,173 [INFO] PluginManager:220 - loadIPPluginJar : add i3c
2025-02-20 10:35:24,183 [INFO] IPUIPlugin:80 - create IPUIPlugin
2025-02-20 10:35:24,183 [INFO] PluginManager:220 - loadIPPluginJar : add ipddr
2025-02-20 10:35:24,193 [INFO] IPUIPlugin:80 - create IPUIPlugin
2025-02-20 10:35:24,193 [INFO] PluginManager:220 - loadIPPluginJar : add linkedlist
2025-02-20 10:35:24,193 [INFO] IPUIPlugin:80 - create IPUIPlugin
2025-02-20 10:35:24,193 [INFO] PluginManager:220 - loadIPPluginJar : add lorawan
2025-02-20 10:35:24,193 [INFO] IPUIPlugin:80 - create IPUIPlugin
2025-02-20 10:35:24,193 [INFO] PluginManager:220 - loadIPPluginJar : add ltdc
2025-02-20 10:35:24,203 [INFO] IPUIPlugin:80 - create IPUIPlugin
2025-02-20 10:35:24,203 [INFO] PluginManager:220 - loadIPPluginJar : add mdma
2025-02-20 10:35:24,203 [INFO] IPUIPlugin:80 - create IPUIPlugin
2025-02-20 10:35:24,213 [INFO] PluginManager:220 - loadIPPluginJar : add nvic
2025-02-20 10:35:24,213 [INFO] IPUIPlugin:80 - create IPUIPlugin
2025-02-20 10:35:24,213 [INFO] PluginManager:220 - loadIPPluginJar : add opamp
2025-02-20 10:35:24,213 [INFO] IPUIPlugin:80 - create IPUIPlugin
2025-02-20 10:35:24,213 [INFO] PluginManager:220 - loadIPPluginJar : add openamp
2025-02-20 10:35:24,223 [INFO] IPUIPlugin:80 - create IPUIPlugin
2025-02-20 10:35:24,223 [INFO] PluginManager:220 - loadIPPluginJar : add pdm2pcm
2025-02-20 10:35:24,233 [INFO] IPUIPlugin:80 - create IPUIPlugin
2025-02-20 10:35:24,233 [INFO] PluginManager:220 - loadIPPluginJar : add plateformsettings
2025-02-20 10:35:24,233 [INFO] IPUIPlugin:80 - create IPUIPlugin
2025-02-20 10:35:24,233 [INFO] PluginManager:220 - loadIPPluginJar : add quadspi
2025-02-20 10:35:24,243 [INFO] IPUIPlugin:80 - create IPUIPlugin
2025-02-20 10:35:24,243 [INFO] PluginManager:220 - loadIPPluginJar : add resmgrutility
2025-02-20 10:35:24,243 [INFO] IPUIPlugin:80 - create IPUIPlugin
2025-02-20 10:35:24,253 [INFO] PluginManager:220 - loadIPPluginJar : add sai
2025-02-20 10:35:24,253 [INFO] IPUIPlugin:80 - create IPUIPlugin
2025-02-20 10:35:24,253 [INFO] PluginManager:220 - loadIPPluginJar : add spi
2025-02-20 10:35:24,263 [INFO] IPUIPlugin:80 - create IPUIPlugin
2025-02-20 10:35:24,263 [INFO] PluginManager:220 - loadIPPluginJar : add stm32_wpan
2025-02-20 10:35:24,263 [INFO] IPUIPlugin:80 - create IPUIPlugin
2025-02-20 10:35:24,263 [INFO] PluginManager:220 - loadIPPluginJar : add tim
2025-02-20 10:35:24,273 [INFO] IPUIPlugin:80 - create IPUIPlugin
2025-02-20 10:35:24,273 [INFO] PluginManager:220 - loadIPPluginJar : add touchsensing
2025-02-20 10:35:24,273 [INFO] IPUIPlugin:80 - create IPUIPlugin
2025-02-20 10:35:24,273 [INFO] PluginManager:220 - loadIPPluginJar : add tracer_emb
2025-02-20 10:35:24,273 [INFO] IPUIPlugin:80 - create IPUIPlugin
2025-02-20 10:35:24,273 [INFO] PluginManager:220 - loadIPPluginJar : add ts
2025-02-20 10:35:24,283 [INFO] IPUIPlugin:80 - create IPUIPlugin
2025-02-20 10:35:24,283 [INFO] PluginManager:220 - loadIPPluginJar : add tsc
2025-02-20 10:35:24,283 [INFO] IPUIPlugin:80 - create IPUIPlugin
2025-02-20 10:35:24,283 [INFO] PluginManager:220 - loadIPPluginJar : add ucpd
2025-02-20 10:35:24,283 [INFO] IPUIPlugin:80 - create IPUIPlugin
2025-02-20 10:35:24,283 [INFO] PluginManager:220 - loadIPPluginJar : add usart
2025-02-20 10:35:24,293 [INFO] IPUIPlugin:80 - create IPUIPlugin
2025-02-20 10:35:24,293 [INFO] PluginManager:220 - loadIPPluginJar : add usbx
2025-02-20 10:35:24,435 [INFO] CADModel:165 - CPN selected for project level
2025-02-20 10:35:24,435 [INFO] CADModel:114 - Register for checkConnection events
2025-02-20 10:35:24,435 [FATAL] Updater:308 - Updater called before beeing initialized
2025-02-20 10:35:24,435 [ERROR] CADModel:125 - Updater not yet initialized, retry later 
2025-02-20 10:35:24,590 [INFO] CADModel:165 - CPN selected for project level
2025-02-20 10:35:24,590 [INFO] CADModel:114 - Register for checkConnection events
2025-02-20 10:35:24,590 [FATAL] Updater:308 - Updater called before beeing initialized
2025-02-20 10:35:24,590 [ERROR] CADModel:125 - Updater not yet initialized, retry later 
2025-02-20 10:35:24,590 [FATAL] Updater:308 - Updater called before beeing initialized
2025-02-20 10:35:24,720 [FATAL] Updater:308 - Updater called before beeing initialized
2025-02-20 10:35:24,730 [INFO] DbMcusAds:53 - JSON generation date=Tue Dec 17 18:01:15 EET 2024 (1734451275111)
2025-02-20 10:35:24,730 [FATAL] Updater:308 - Updater called before beeing initialized
2025-02-20 10:35:24,780 [WARN] DetailPanel:346 - Failed to get advertising image, set to default
2025-02-20 10:35:24,880 [FATAL] Updater:308 - Updater called before beeing initialized
2025-02-20 10:35:24,880 [FATAL] Updater:308 - Updater called before beeing initialized
2025-02-20 10:35:24,880 [FATAL] Updater:308 - Updater called before beeing initialized
2025-02-20 10:35:24,880 [WARN] DetailPanel:346 - Failed to get advertising image, set to default
2025-02-20 10:35:24,880 [FATAL] Updater:308 - Updater called before beeing initialized
2025-02-20 10:35:24,926 [ERROR] Updater:1120 - MainUpdater not yet initialized. External WinMGr cannot be set.
2025-02-20 10:35:24,936 [INFO] Updater:1056 - Updater Version found : 6.9.2
2025-02-20 10:35:24,956 [INFO] ApplicationProperties:184 - Using Application install path: C:\ST\STM32CubeIDE_1.13.2\STM32CubeIDE\plugins\com.st.stm32cube.common.mx_6.9.2.202309101412
2025-02-20 10:35:25,206 [INFO] MainUpdater:2868 - connection check result : 10
2025-02-20 10:35:25,206 [INFO] MainUpdater:3562 - Updater definition file requires update
2025-02-20 10:35:25,206 [INFO] MainUpdater:285 - Updater Check For Update Now.
2025-02-20 10:35:25,206 [INFO] MicroXplorer:498 - Change Database Version : DB.6.0.92
2025-02-20 10:35:25,216 [INFO] McuFinderGlobals:63 - Set McuFinder mode to 2 (CubeIDE integrated)
2025-02-20 10:35:25,216 [INFO] UserAuth:179 - activating auth plugin
2025-02-20 10:35:25,225 [INFO] UserAuth:393 - Internet connection configuration mode: 1
2025-02-20 10:35:25,235 [INFO] JxBrowserEngine:151 - Initiate JxBrowser Engine with user profile folder
2025-02-20 10:35:25,245 [INFO] ServerAccessManage:473 - Download File updaters.zip
2025-02-20 10:35:25,354 [INFO] FileExtend:240 - Unzip File : updaters.zip
2025-02-20 10:35:25,354 [INFO] FileExtend:255 - Standard Zip Deflate
2025-02-20 10:35:25,971 [INFO] ServerAccessManage:473 - Download File PacksControlFlags.xml
2025-02-20 10:35:26,051 [INFO] ServerAccessManage:473 - Download File cubemx.pidx
2025-02-20 10:35:26,351 [WARN] MainUpdater:1189 - Updater busy. Cannot search thirdparties
2025-02-20 10:35:26,351 [INFO] ThirdPartyUpdaterWithRetryManager:96 - Updater plugin is busy. [1/15]
2025-02-20 10:35:26,441 [INFO] LoadServerUpdatesThread:373 - End of LoadServerUpdate Thread
2025-02-20 10:35:26,667 [INFO] CheckServerUpdateThread:120 - End of CheckServer Thread
2025-02-20 10:35:26,882 [INFO] WebApp:157 - Instantiating new browser for Auth
2025-02-20 10:35:27,691 [INFO] WebApp:753 - Register for checkConnection events
2025-02-20 10:35:27,692 [INFO] WebApp:390 - Apply proxy settings
2025-02-20 10:35:27,692 [INFO] WebApp:475 - Chromium requires no authentication
2025-02-20 10:35:27,703 [INFO] WebApp:418 - Direct internet connection detected
2025-02-20 10:35:27,896 [INFO] WebApp:188 - Starting web application
2025-02-20 10:35:27,896 [INFO] WebApp:520 - Web application path used C:\ST\STM32CubeIDE_1.13.2\STM32CubeIDE\plugins\com.st.stm32cube.common.mx_6.9.2.202309101412\db\plugins\mcufinder\reactClient1\index.html
2025-02-20 10:35:29,653 [WARN] PackLoader:240 - Cannot read IP mode file for STMicroelectronics.FP-SNS-MOTENVWB1.1.4.0
2025-02-20 10:35:29,666 [WARN] PackLoader:240 - Cannot read IP mode file for STMicroelectronics.FP-ATR-ASTRA1.2.0.1
2025-02-20 10:35:29,677 [WARN] PackLoader:240 - Cannot read IP mode file for STMicroelectronics.X-CUBE-SMBUS.2.1.0
2025-02-20 10:35:29,689 [WARN] PackLoader:240 - Cannot read IP mode file for STMicroelectronics.X-CUBE-WB05N.1.1.0
2025-02-20 10:35:29,732 [WARN] PackLoader:240 - Cannot read IP mode file for STMicroelectronics.X-CUBE-AZRTOS-F7.1.1.0
2025-02-20 10:35:29,746 [WARN] PackLoader:240 - Cannot read IP mode file for STMicroelectronics.FP-SNS-FLIGHT1.5.0.2
2025-02-20 10:35:29,762 [ERROR] Engine:466 - C:\Users\20222214\.stm32cubemx\thirdparties\pdsc\Infineon.AIROC-Wi-Fi-Bluetooth-STM32.1.7.0.pdsc: PDSC version is not supported
2025-02-20 10:35:29,774 [WARN] PackLoader:240 - Cannot read IP mode file for STMicroelectronics.X-CUBE-DISPLAY.3.0.0
2025-02-20 10:35:29,796 [WARN] PackLoader:240 - Cannot read IP mode file for STMicroelectronics.X-CUBE-BLE1.7.0.0
2025-02-20 10:35:29,863 [WARN] PackLoader:240 - Cannot read IP mode file for STMicroelectronics.X-CUBE-NFC10.1.0.0
2025-02-20 10:35:29,873 [ERROR] Engine:466 - C:\Users\20222214\.stm32cubemx\thirdparties\pdsc\STMicroelectronics.X-CUBE-BLEMGR.4.0.0.pdsc: PDSC version is not supported
2025-02-20 10:35:29,882 [WARN] PackLoader:240 - Cannot read IP mode file for emotas.I-CUBE-CANOPEN.1.3.0
2025-02-20 10:35:29,888 [WARN] PackLoader:240 - Cannot read IP mode file for STMicroelectronics.X-CUBE-AI.10.0.0
2025-02-20 10:35:29,895 [WARN] PackLoader:240 - Cannot read IP mode file for STMicroelectronics.FP-SNS-SMARTAG2.1.2.0
2025-02-20 10:35:29,987 [WARN] PackLoader:240 - Cannot read IP mode file for STMicroelectronics.X-CUBE-MEMS1.11.1.0
2025-02-20 10:35:30,217 [INFO] LogOutputStream:77 - [STDOUT_REDIRECT] 1 : Invalid condition id : UX_CORESTACK_Condition cause : null
2025-02-20 10:35:30,218 [INFO] LogOutputStream:77 - [STDOUT_REDIRECT] 1 : Invalid condition id : UX_CORESTACK_Condition cause : null
2025-02-20 10:35:30,220 [INFO] LogOutputStream:77 - [STDOUT_REDIRECT] 1 : Invalid condition id : UX_CORESTACK_Condition cause : null
2025-02-20 10:35:30,222 [INFO] LogOutputStream:77 - [STDOUT_REDIRECT] 1 : Invalid condition id : UX_CORESTACK_Condition cause : null
2025-02-20 10:35:30,223 [INFO] LogOutputStream:77 - [STDOUT_REDIRECT] 1 : Invalid condition id : UX_CORESTACK_Condition cause : null
2025-02-20 10:35:30,227 [WARN] PackLoader:240 - Cannot read IP mode file for STMicroelectronics.X-CUBE-AZRTOS-WL.2.0.0
2025-02-20 10:35:30,235 [WARN] PackLoader:240 - Cannot read IP mode file for STMicroelectronics.FP-SNS-MOTENV1.5.0.0
2025-02-20 10:35:30,245 [WARN] PackLoader:240 - Cannot read IP mode file for wolfSSL.I-CUBE-wolfMQTT.1.19.0
2025-02-20 10:35:30,259 [WARN] PackLoader:240 - Cannot read IP mode file for WES.I-CUBE-Cesium.1.3.0
2025-02-20 10:35:30,266 [WARN] PackLoader:240 - Cannot read IP mode file for STMicroelectronics.X-CUBE-BLE2.3.3.0
2025-02-20 10:35:30,276 [WARN] PackLoader:240 - Cannot read IP mode file for STMicroelectronics.X-CUBE-NFC9.1.0.0
2025-02-20 10:35:30,300 [WARN] PackLoader:240 - Cannot read IP mode file for STMicroelectronics.X-CUBE-AZRTOS-G0.1.1.0
2025-02-20 10:35:30,312 [WARN] PackLoader:240 - Cannot read IP mode file for STMicroelectronics.X-CUBE-SAFEA1.1.2.2
2025-02-20 10:35:30,322 [WARN] PackLoader:240 - Cannot read IP mode file for STMicroelectronics.X-CUBE-NFC4.3.0.0
2025-02-20 10:35:30,329 [ERROR] Engine:466 - C:\Users\20222214\.stm32cubemx\thirdparties\pdsc\EmbeddedOffice.I-CUBE-FS-RTOS.1.0.1.pdsc: PDSC version is not supported
2025-02-20 10:35:30,335 [ERROR] Engine:466 - C:\Users\20222214\.stm32cubemx\thirdparties\pdsc\STMicroelectronics.X-CUBE-TCPP.4.2.0.pdsc: PDSC version is not supported
2025-02-20 10:35:30,339 [ERROR] Engine:466 - C:\Users\20222214\.stm32cubemx\thirdparties\pdsc\RealThread.X-CUBE-RT-Thread_Nano.4.1.1.pdsc: PDSC version is not supported
2025-02-20 10:35:30,345 [WARN] PackLoader:240 - Cannot read IP mode file for STMicroelectronics.FP-ATR-SIGFOX1.3.2.0
2025-02-20 10:35:30,350 [ERROR] Engine:466 - C:\Users\20222214\.stm32cubemx\thirdparties\pdsc\quantropi.X-CUBE-qispace-sdk-base.1.9.3.pdsc: PDSC version is not supported
2025-02-20 10:35:30,358 [WARN] PackLoader:240 - Cannot read IP mode file for STMicroelectronics.X-CUBE-EEPRMA1.5.1.0
2025-02-20 10:35:30,366 [WARN] PackLoader:240 - Cannot read IP mode file for wolfSSL.I-CUBE-wolfSSL.5.7.6
2025-02-20 10:35:30,374 [WARN] PackLoader:240 - Cannot read IP mode file for ITTIA_DB.I-CUBE-ITTIADB.8.9.0
2025-02-20 10:35:30,405 [WARN] PackLoader:240 - Cannot read IP mode file for SEGGER.I-CUBE-embOS.1.3.1
2025-02-20 10:35:30,467 [WARN] PackLoader:240 - Cannot read IP mode file for STMicroelectronics.X-CUBE-ALGOBUILD.1.4.0
2025-02-20 10:35:30,488 [WARN] PackLoader:240 - Cannot read IP mode file for STMicroelectronics.X-CUBE-AZRTOS-F4.1.1.0
2025-02-20 10:35:30,498 [WARN] PackLoader:240 - Cannot read IP mode file for STMicroelectronics.X-CUBE-ISPU.2.1.0
2025-02-20 10:35:30,518 [WARN] PackLoader:240 - Cannot read IP mode file for STMicroelectronics.X-CUBE-AZRTOS-L5.2.0.0
2025-02-20 10:35:30,534 [WARN] PackLoader:240 - Cannot read IP mode file for STMicroelectronics.X-CUBE-NFC6.3.1.0
2025-02-20 10:35:30,542 [ERROR] Engine:466 - C:\Users\20222214\.stm32cubemx\thirdparties\pdsc\STMicroelectronics.X-CUBE-DPower.1.2.0.pdsc: PDSC version is not supported
2025-02-20 10:35:30,553 [WARN] PackLoader:240 - Cannot read IP mode file for STMicroelectronics.X-CUBE-FREERTOS.1.3.0
2025-02-20 10:35:30,564 [WARN] PackLoader:240 - Cannot read IP mode file for STMicroelectronics.X-CUBE-NFC7.1.0.1
2025-02-20 10:35:30,587 [WARN] ConditionMgr:438 - getConditionDescription Invalid condition id : LAN8742 Phy interface Condition cause : null
2025-02-20 10:35:30,588 [WARN] PackLoader:240 - Cannot read IP mode file for STMicroelectronics.X-CUBE-AZRTOS-L4.2.0.0
2025-02-20 10:35:30,591 [WARN] ConditionMgr:1039 - genDependencies : Invalid condition id : LAN8742 Phy interface Condition cause : null
2025-02-20 10:35:30,591 [WARN] ConditionMgr:1039 - genDependencies : Invalid condition id : LAN8742 Phy interface Condition cause : null
2025-02-20 10:35:30,592 [WARN] ConditionMgr:1039 - genDependencies : Invalid condition id : LAN8742 Phy interface Condition cause : null
2025-02-20 10:35:30,602 [WARN] PackLoader:240 - Cannot read IP mode file for STMicroelectronics.X-CUBE-SFXS2LP1.4.0.0
2025-02-20 10:35:30,630 [WARN] PackLoader:240 - Cannot read IP mode file for STMicroelectronics.X-CUBE-AZRTOS-H7.3.3.0
2025-02-20 10:35:30,650 [WARN] ConditionMgr:438 - getConditionDescription Invalid condition id : UX DEVICE CLASS RTOS Condition cause : null
2025-02-20 10:35:30,650 [WARN] ConditionMgr:438 - getConditionDescription Invalid condition id : UX DEVICE CLASS RTOS Condition cause : null
2025-02-20 10:35:30,654 [WARN] PackLoader:240 - Cannot read IP mode file for STMicroelectronics.X-CUBE-AZRTOS-WB.2.0.0
2025-02-20 10:35:30,655 [WARN] ConditionMgr:1039 - genDependencies : Invalid condition id : UX DEVICE CLASS RTOS Condition cause : null
2025-02-20 10:35:30,655 [WARN] ConditionMgr:1039 - genDependencies : Invalid condition id : UX DEVICE CLASS RTOS Condition cause : null
2025-02-20 10:35:30,656 [WARN] ConditionMgr:1039 - genDependencies : Invalid condition id : UX DEVICE CLASS RTOS Condition cause : null
2025-02-20 10:35:30,656 [WARN] ConditionMgr:1039 - genDependencies : Invalid condition id : UX DEVICE CLASS RTOS Condition cause : null
2025-02-20 10:35:30,657 [WARN] ConditionMgr:1039 - genDependencies : Invalid condition id : UX DEVICE CLASS RTOS Condition cause : null
2025-02-20 10:35:30,667 [WARN] PackLoader:240 - Cannot read IP mode file for STMicroelectronics.X-CUBE-GNSS1.7.0.1
2025-02-20 10:35:30,674 [ERROR] Engine:466 - C:\Users\20222214\.stm32cubemx\thirdparties\pdsc\STMicroelectronics.FP-SNS-STBOX1.2.0.0.pdsc: PDSC version is not supported
2025-02-20 10:35:30,689 [WARN] PackLoader:240 - Cannot read IP mode file for STMicroelectronics.X-CUBE-SUBG2.5.0.0
2025-02-20 10:35:30,699 [WARN] PackLoader:240 - Cannot read IP mode file for Cesanta.I-CUBE-Mongoose.7.13.0
2025-02-20 10:35:30,721 [WARN] PackLoader:240 - Cannot read IP mode file for STMicroelectronics.X-CUBE-AZRTOS-G4.2.0.0
2025-02-20 10:35:30,731 [ERROR] Engine:466 - C:\Users\20222214\.stm32cubemx\thirdparties\pdsc\STMicroelectronics.X-CUBE-IPS.3.1.0.pdsc: PDSC version is not supported
2025-02-20 10:35:30,747 [WARN] PackLoader:240 - Cannot read IP mode file for STMicroelectronics.X-CUBE-ALS.1.0.2
2025-02-20 10:35:30,758 [WARN] PackLoader:240 - Cannot read IP mode file for STMicroelectronics.X-CUBE-TOUCHGFX.4.24.2
2025-02-20 10:35:30,765 [WARN] PackLoader:240 - Cannot read IP mode file for wolfSSL.I-CUBE-wolfTPM.3.4.0
2025-02-20 10:35:30,781 [WARN] PackLoader:240 - Cannot read IP mode file for portGmbH.I-Cube-SoM-uGOAL.1.1.0
2025-02-20 10:35:30,823 [WARN] PackLoader:240 - Cannot read IP mode file for STMicroelectronics.X-CUBE-AZRTOS-H7RS.1.0.0
2025-02-20 10:35:30,835 [ERROR] Engine:466 - C:\Users\20222214\.stm32cubemx\thirdparties\pdsc\STMicroelectronics.X-CUBE-TOF1.3.4.2.pdsc: PDSC version is not supported
2025-02-20 10:35:30,842 [WARN] PackLoader:240 - Cannot read IP mode file for wolfSSL.I-CUBE-wolfSSH.1.4.17
2025-02-20 10:35:30,843 [INFO] ThirdParty:978 - Integrity check success = true
2025-02-20 10:35:30,843 [INFO] IntegrityCheckThread:100 - exiting critical section [integrity check]
2025-02-20 10:35:30,843 [INFO] IntegrityCheckThread:103 - End integrity checks thread
2025-02-20 10:35:48,905 [ERROR] LogOutputStream:75 - [STDERR_REDIRECT] SLF4J: Failed to load class "org.slf4j.impl.StaticLoggerBinder".
2025-02-20 10:35:48,905 [ERROR] LogOutputStream:75 - [STDERR_REDIRECT] SLF4J: Defaulting to no-operation (NOP) logger implementation
2025-02-20 10:35:48,905 [ERROR] LogOutputStream:75 - [STDERR_REDIRECT] SLF4J: See http://www.slf4j.org/codes.html#StaticLoggerBinder for further details.
2025-02-20 10:45:03,528 [INFO] McuFinderGlobals:63 - Set McuFinder mode to 2 (CubeIDE integrated)
2025-02-20 10:45:03,541 [INFO] MainUpdater:2868 - connection check result : 10
2025-02-20 10:45:03,544 [INFO] MainUpdater:2868 - connection check result : 10
2025-02-20 10:45:03,656 [INFO] MicroXplorer:468 - Change Database Path : 
2025-02-20 10:45:03,656 [INFO] MicroXplorer:498 - Change Database Version : DB.6.0.92
2025-02-20 10:45:03,665 [WARN] ThirdParty:871 - waiting for thirdparty lock release [close project]
2025-02-20 10:45:03,666 [INFO] ThirdParty:873 - entering critical section [close project]
2025-02-20 10:45:03,673 [INFO] ThirdParty:883 - exiting critical section [close project]
2025-02-20 10:45:03,681 [INFO] PinOutPanel:1499 - setPackage(No Configuration,No Configuration)
2025-02-20 10:45:03,715 [INFO] UtilMem:75 - Begin LoadConfig() Used Memory: 642585520 Bytes (1073741824)
2025-02-20 10:45:03,718 [INFO] MicroXplorer:468 - Change Database Path : 
2025-02-20 10:45:03,718 [INFO] MicroXplorer:498 - Change Database Version : DB.6.0.92
2025-02-20 10:45:03,718 [INFO] OpenFileManager:308 - Change cursor
2025-02-20 10:45:03,814 [INFO] Mcu:1946 - Initializing MCU STM32F407V(E-G)Tx STM32F407VGTx STM32F407VGT6
2025-02-20 10:45:06,790 [INFO] Context:659 - Trying to add GPIOservice into a context  which must be forbidden
2025-02-20 10:45:07,694 [INFO] RtosManager:555 - Registered RTOS mode: class=CMSIS, group=RTOS, mode=CMSIS_V1, owner=FREERTOS
2025-02-20 10:45:07,694 [INFO] RtosManager:555 - Registered RTOS mode: class=CMSIS, group=RTOS2, mode=CMSIS_V2, owner=FREERTOS
2025-02-20 10:45:07,694 [INFO] RtosManager:555 - Registered RTOS mode: class=RTOS, group=Core, mode=CMSIS_V1, owner=FREERTOS
2025-02-20 10:45:07,694 [INFO] RtosManager:555 - Registered RTOS mode: class=RTOS, group=Core, mode=CMSIS_V2, owner=FREERTOS
2025-02-20 10:45:07,694 [WARN] ModelIntegratedComponent:184 - Missing modes for component STMicroelectronics:FreeRTOS:0.0.1:STMicroelectronics:RTOS:FreeRTOS:Core:::10.2.0:
2025-02-20 10:45:07,714 [WARN] ModelIntegratedComponent:63 - No mode defined for component null
2025-02-20 10:45:07,714 [WARN] ModelIntegratedComponent:63 - No mode defined for component null
2025-02-20 10:45:07,724 [WARN] ModelIntegratedComponent:63 - No mode defined for component null
2025-02-20 10:45:07,724 [WARN] ModelIntegratedComponent:63 - No mode defined for component null
2025-02-20 10:45:07,724 [WARN] ModelIntegratedComponent:63 - No mode defined for component null
2025-02-20 10:45:07,724 [WARN] ModelIntegratedComponent:63 - No mode defined for component null
2025-02-20 10:45:07,724 [WARN] ModelIntegratedComponent:63 - No mode defined for component null
2025-02-20 10:45:07,724 [WARN] ModelIntegratedComponent:63 - No mode defined for component null
2025-02-20 10:45:07,724 [WARN] ModelIntegratedComponent:63 - No mode defined for component null
2025-02-20 10:45:07,724 [WARN] ModelIntegratedComponent:63 - No mode defined for component null
2025-02-20 10:45:07,724 [WARN] ModelIntegratedComponent:63 - No mode defined for component null
2025-02-20 10:45:07,724 [WARN] ModelIntegratedComponent:63 - No mode defined for component null
2025-02-20 10:45:07,724 [WARN] ModelIntegratedComponent:63 - No mode defined for component null
2025-02-20 10:45:07,724 [WARN] ModelIntegratedComponent:63 - No mode defined for component null
2025-02-20 10:45:07,724 [WARN] ModelIntegratedComponent:63 - No mode defined for component null
2025-02-20 10:45:07,724 [WARN] ModelIntegratedComponent:63 - No mode defined for component null
2025-02-20 10:45:07,724 [WARN] ModelIntegratedComponent:63 - No mode defined for component null
2025-02-20 10:45:07,724 [WARN] ModelIntegratedComponent:63 - No mode defined for component null
2025-02-20 10:45:07,724 [WARN] ModelIntegratedComponent:63 - No mode defined for component null
2025-02-20 10:45:07,724 [WARN] ModelIntegratedComponent:63 - No mode defined for component null
2025-02-20 10:45:07,724 [WARN] ModelIntegratedComponent:63 - No mode defined for component null
2025-02-20 10:45:07,724 [WARN] ModelIntegratedComponent:63 - No mode defined for component null
2025-02-20 10:45:07,724 [WARN] ModelIntegratedComponent:63 - No mode defined for component null
2025-02-20 10:45:07,724 [WARN] ModelIntegratedComponent:63 - No mode defined for component null
2025-02-20 10:45:07,724 [WARN] ModelIntegratedComponent:63 - No mode defined for component null
2025-02-20 10:45:07,724 [WARN] ModelIntegratedComponent:63 - No mode defined for component null
2025-02-20 10:45:07,724 [WARN] ModelIntegratedComponent:63 - No mode defined for component null
2025-02-20 10:45:07,724 [WARN] ModelIntegratedComponent:63 - No mode defined for component null
2025-02-20 10:45:07,724 [WARN] ModelIntegratedComponent:63 - No mode defined for component null
2025-02-20 10:45:07,724 [WARN] ModelIntegratedComponent:63 - No mode defined for component null
2025-02-20 10:45:07,724 [WARN] ModelIntegratedComponent:63 - No mode defined for component null
2025-02-20 10:45:07,724 [WARN] ModelIntegratedComponent:63 - No mode defined for component null
2025-02-20 10:45:07,724 [WARN] ModelIntegratedComponent:63 - No mode defined for component null
2025-02-20 10:45:07,954 [INFO] ThirdPartyModel:298 - Start build external matchings
2025-02-20 10:45:08,268 [INFO] ThirdPartyModel:316 - End build external matchings
2025-02-20 10:45:08,897 [INFO] UtilMem:75 - End LoadConfig() Used Memory: 825601968 Bytes (1073741824)
2025-02-20 10:45:09,039 [INFO] ApiDb:581 - Connected to CubeFinder SQLite database (C:\Users\20222214\.stmcufinder\plugins\mcufinder\mcu\cube-finder-db.db)
2025-02-20 10:45:09,189 [INFO] ApiDb:668 - CubeFinder database Data Model version=2.1
2025-02-20 10:45:09,190 [INFO] ApiDb:669 - CubeFinder database Configuration version=3.0.39
2025-02-20 10:45:09,192 [INFO] ApiDb:670 - CubeFinder database generation date=2025-02-07 (1738919966)
2025-02-20 10:45:09,193 [INFO] ApiDb:671 - CubeFinder database FW Pack versions=[FP-ATR-ASTRA1_V2.0.0, FP-SNS-FLIGHT1_V5.0.2, FP-SNS-MOTENV1_V5.0.0, FP-SNS-MOTENVWB1_V1.4.0, FP-SNS-SMARTAG2_V1.2.0, FP-SNS-STBOX1_V2.0.0, STM32Cube_FW_C0_V1.3.0, STM32Cube_FW_F4_V1.28.1, STM32Cube_FW_F7_V1.17.2, STM32Cube_FW_G0_V1.6.2, STM32Cube_FW_G4_V1.6.1, STM32Cube_FW_H5_V1.4.0, STM32Cube_FW_H7RS_V1.1.0, STM32Cube_FW_H7_V1.12.0, STM32Cube_FW_L0_V1.12.2, STM32Cube_FW_L4_V1.18.1, STM32Cube_FW_L5_V1.5.1, STM32Cube_FW_N6_V1.0.0, STM32Cube_FW_U0_V1.2.0, STM32Cube_FW_U3_V1.0.0, STM32Cube_FW_U5_V1.7.0, STM32Cube_FW_WB0_V1.1.0, STM32Cube_FW_WBA_V1.5.0, STM32Cube_FW_WB_V1.21.0, STM32Cube_FW_WL3_V1.0.0, STM32Cube_FW_WL_V1.3.0, X-CUBE-ALGOBUILD_V1.4.0, X-CUBE-ALS_V1.0.2, X-CUBE-AZRTOS-F4_V1.1.0, X-CUBE-AZRTOS-F7_V1.1.0, X-CUBE-AZRTOS-G0_V1.1.0, X-CUBE-AZRTOS-G4_V2.0.0, X-CUBE-AZRTOS-H7RS_V1.0.0, X-CUBE-AZRTOS-H7_V3.3.0, X-CUBE-AZRTOS-L4_V2.0.0, X-CUBE-AZRTOS-L5_V2.0.0, X-CUBE-AZRTOS-WB_V2.0.0, X-CUBE-AZRTOS-WL_V2.0.0, X-CUBE-BLE1_V7.0.0, X-CUBE-BLE2_V3.3.0, X-CUBE-BLEMGR_V4.0.0, X-CUBE-EEPRMA1_V5.1.0, X-CUBE-FREERTOS_V1.2.0, X-CUBE-GNSS1_V6.0.0, X-CUBE-MEMS1_V11.1.0, X-CUBE-NFC4_V3.0.0, X-CUBE-NFC7_V1.0.1, X-CUBE-SFXS2LP1_V4.0.0, X-CUBE-SUBG2_V5.0.0, X-CUBE-TOF1_V3.4.2]
2025-02-20 10:45:12,135 [INFO] ApiDb:240 - Found 323 in-development CPN: [B-G473E-ZEST1S, B-WB1M-WPAN1, B-WL5M-SUBG1, NUCLEO-C031C6, NUCLEO-H503RB, NUCLEO-H563ZI, NUCLEO-U545RE-Q, NUCLEO-U5A5ZJ-Q, NUCLEO-WBA52CG, STEVAL-PROTEUS1, STEVAL-SMARTAG2, STEVAL-STWINBX1, STM320518-EVAL, STM32C0116-DK, STM32C011D6Y3TR, STM32C011D6Y6TR, STM32C011F4P3, STM32C011F4P6, STM32C011F4U3, STM32C011F4U6TR, STM32C011F6P3, STM32C011F6P6, STM32C011F6U3, STM32C011F6U6TR, STM32C011J4M3, STM32C011J4M6, STM32C011J6M3, STM32C011J6M6, STM32C0316-DK, STM32C031C4T3, STM32C031C4T6, STM32C031C4U3, STM32C031C4U6, STM32C031C6T3, STM32C031C6T6, STM32C031C6U3, STM32C031C6U6, STM32C031F4P3, STM32C031F4P6, STM32C031F6P3, STM32C031F6P6, STM32C031G4U3, STM32C031G4U6, STM32C031G6U3, STM32C031G6U6, STM32C031K4T3, STM32C031K4T6, STM32C031K4U3, STM32C031K4U6, STM32C031K6T3, STM32C031K6T6, STM32C031K6U3, STM32C031K6U6, STM32G071K8TXN, STM32G071K8UXN, STM32G081GBU6N, STM32G081KBT6N, STM32G081KBUXN, STM32G0B1CCT6N, STM32G0B1KCT6, STM32G0B1NEY6TR, STM32G0B1RCT6N, STM32G0C1CCT6, STM32G0C1CCT6N, STM32G0C1CCU6N, STM32G0C1CET6N, STM32G0C1CEU6N, STM32G0C1KCT6, STM32G0C1NEY6TR, STM32G0C1RCI6N, STM32G0C1RCT6N, STM32G0C1REI6N, STM32G0C1RET6N, STM32G0C1VCI6, STM32G0C1VEI6, STM32G471CCT6, STM32G471CCU6, STM32G471CET3, STM32G471CET6, STM32G471CEU3, STM32G471CEU6, STM32G471MCT6, STM32G471MET3, STM32G471MET6, STM32G471MEY6TR, STM32G471QCT6, STM32G471QET3, STM32G471RCT6, STM32G471RET3, STM32G471RET6, STM32G471VCH6, STM32G471VCI6, STM32G471VCT6, STM32G471VEH3, STM32G471VEH6, STM32G471VEI3, STM32G471VEI6, STM32G471VET3, STM32G471VET6, STM32G474CCT6, STM32H503CBT6, STM32H503CBU6, STM32H503EBY6TR, STM32H503KBU6, STM32H503RBT6, STM32H562AGI6, STM32H562AII6, STM32H562IGK6, STM32H562IGT6, STM32H562IIK6, STM32H562IIT6, STM32H562RGT6, STM32H562RGV6, STM32H562RIT6, STM32H562RIV6, STM32H562VGT6, STM32H562VIT6, STM32H562ZGT6, STM32H562ZIT6, STM32H563AGI6, STM32H563AII3Q, STM32H563AII6, STM32H563IGK6, STM32H563IGT6, STM32H563IIK3Q, STM32H563IIK6, STM32H563IIT3Q, STM32H563IIT6, STM32H563MIY3QTR, STM32H563RGT6, STM32H563RGV6, STM32H563RIT6, STM32H563RIV6, STM32H563VGT6, STM32H563VIT3Q, STM32H563VIT6, STM32H563ZGT6, STM32H563ZIT3Q, STM32H563ZIT6, STM32H573AII3Q, STM32H573AII6, STM32H573I-DK, STM32H573IIK3Q, STM32H573IIK6, STM32H573IIT3Q, STM32H573IIT6, STM32H573MIY3QTR, STM32H573RIT6, STM32H573RIV6, STM32H573VIT3Q, STM32H573VIT6, STM32H573ZIT3Q, STM32H573ZIT6, STM32L4R5QGI6STR, STM32MP131AAE3, STM32MP131AAF3, STM32MP131AAG3, STM32MP131CAE3, STM32MP131CAF3, STM32MP131CAG3, STM32MP131DAE7, STM32MP131DAF7, STM32MP131DAG7, STM32MP131FAE7, STM32MP131FAF7, STM32MP131FAG7, STM32MP133AAE3, STM32MP133AAF3, STM32MP133AAG3, STM32MP133CAE3, STM32MP133CAF3, STM32MP133CAG3, STM32MP133DAE7, STM32MP133DAF7, STM32MP133DAG7, STM32MP133FAE7, STM32MP133FAF7, STM32MP133FAG7, STM32MP135AAE3, STM32MP135AAF3, STM32MP135AAG3, STM32MP135CAE3, STM32MP135CAF3, STM32MP135CAG3, STM32MP135DAE7, STM32MP135DAF7, STM32MP135DAG7, STM32MP135F-DK, STM32MP135FAE7, STM32MP135FAF7, STM32MP135FAF7T, STM32MP135FAF7U, STM32MP135FAG7, STM32U535CBT6, STM32U535CBT6Q, STM32U535CBU6, STM32U535CBU6Q, STM32U535CCT6, STM32U535CCT6Q, STM32U535CCU6, STM32U535CCU6Q, STM32U535CET6, STM32U535CET6Q, STM32U535CEU6, STM32U535CEU6Q, STM32U535JEY6QTR, STM32U535NCY6QTR, STM32U535NEY6QTR, STM32U535RBI6, STM32U535RBI6Q, STM32U535RBT6, STM32U535RBT6Q, STM32U535RCI6, STM32U535RCI6Q, STM32U535RCT6, STM32U535RCT6Q, STM32U535REI6, STM32U535REI6Q, STM32U535RET6, STM32U535RET6Q, STM32U535VCI6, STM32U535VCI6Q, STM32U535VCT6, STM32U535VCT6Q, STM32U535VEI6, STM32U535VEI6Q, STM32U535VET6, STM32U535VET6Q, STM32U545CET6, STM32U545CET6Q, STM32U545CEU6, STM32U545CEU6Q, STM32U545JEY6QTR, STM32U545NEY6QTR, STM32U545REI6, STM32U545REI6Q, STM32U545RET6, STM32U545RET6Q, STM32U545VEI6, STM32U545VEI6Q, STM32U545VET6, STM32U545VET6Q, STM32U595AIH6, STM32U595AIH6Q, STM32U595AJH6, STM32U595AJH6Q, STM32U595QII6, STM32U595QII6Q, STM32U595QJI6, STM32U595QJI6Q, STM32U595RIT6, STM32U595RIT6Q, STM32U595RJT6, STM32U595RJT6Q, STM32U595VIT6, STM32U595VIT6Q, STM32U595VJT6, STM32U595VJT6Q, STM32U595ZIT6, STM32U595ZIT6Q, STM32U595ZIY6QTR, STM32U595ZJT6, STM32U595ZJT6Q, STM32U595ZJY6QTR, STM32U599BJY6QTR, STM32U599NIH6Q, STM32U599NJH6Q, STM32U599VIT6Q, STM32U599VJT6, STM32U599VJT6Q, STM32U599ZIT6Q, STM32U599ZIY6QTR, STM32U599ZJT6Q, STM32U599ZJY6QTR, STM32U5A5AJH6, STM32U5A5AJH6Q, STM32U5A5QJI6, STM32U5A5QJI6Q, STM32U5A5RJT6, STM32U5A5RJT6Q, STM32U5A5VJT6, STM32U5A5VJT6Q, STM32U5A5ZJT6, STM32U5A5ZJT6Q, STM32U5A5ZJY6QTR, STM32U5A9BJY6QTR, STM32U5A9J-DK, STM32U5A9NJH6Q, STM32U5A9VJT6Q, STM32U5A9ZJT6Q, STM32U5A9ZJY6QTR, STM32U5F7VIT6, STM32U5F7VIT6Q, STM32U5F7VJT6, STM32U5F7VJT6Q, STM32U5F9BJY6QTR, STM32U5F9NJH6Q, STM32U5F9VIT6Q, STM32U5F9VJT6Q, STM32U5F9ZIJ6QTR, STM32U5F9ZIT6Q, STM32U5F9ZJJ6QTR, STM32U5F9ZJT6Q, STM32U5G7VJT6, STM32U5G7VJT6Q, STM32U5G9BJY6QTR, STM32U5G9J-DK1, STM32U5G9J-DK2, STM32U5G9NJH6Q, STM32U5G9VJT6Q, STM32U5G9ZJJ6QTR, STM32U5G9ZJT6Q, STM32WB1MMCH6, STM32WBA52CEU6, STM32WBA52CEU6T, STM32WBA52CGU6, STM32WBA52CGU6T, STM32WBA52KEU6, STM32WBA52KEU6T, STM32WBA52KGU6, STM32WBA52KGU6T, STM32WL5MOCH6, STM32WL5MOCH6TR]
2025-02-20 10:45:12,141 [INFO] DbMcus:217 - Found 4425 MCUs, 4425 are supported
2025-02-20 10:45:12,142 [INFO] ApiDb:423 - Load user favorites file C:\Users\20222214/.stm32cubeide/favorites.mcus.txt: 0 item(s)
2025-02-20 10:45:12,142 [INFO] ApiDb:427 - User favorites MCUs=[]
2025-02-20 10:45:12,143 [INFO] DbMcus:223 - Set 0 / 0 favorites MCUs
2025-02-20 10:45:12,815 [WARN] ThirdParty:833 - waiting for thirdparty lock release [change project]
2025-02-20 10:45:12,815 [INFO] ThirdParty:835 - entering critical section [change project]
2025-02-20 10:45:12,815 [INFO] ThirdParty:1030 - CMSIS Pack Vendor :STMicroelectronics USBPD 4.1
2025-02-20 10:45:12,815 [INFO] ThirdParty:1030 - CMSIS Pack Vendor :STMicroelectronics X-CUBE-AZRTOS-H7 3.3.0
2025-02-20 10:45:12,815 [INFO] ThirdParty:1030 - CMSIS Pack Vendor :STMicroelectronics X-CUBE-NFC9 1.0.0
2025-02-20 10:45:12,815 [INFO] ThirdParty:1030 - CMSIS Pack Vendor :STMicroelectronics USB_HOST 2.0.0
2025-02-20 10:45:12,815 [INFO] ThirdParty:1030 - CMSIS Pack Vendor :STMicroelectronics FP-SNS-MOTENVWB1 1.4.0
2025-02-20 10:45:12,815 [INFO] ThirdParty:1030 - CMSIS Pack Vendor :STMicroelectronics X-CUBE-AZRTOS-F4 1.1.0
2025-02-20 10:45:12,816 [INFO] ThirdParty:1030 - CMSIS Pack Vendor :STMicroelectronics LIBJPEG 8.0.0
2025-02-20 10:45:12,816 [INFO] ThirdParty:1030 - CMSIS Pack Vendor :STMicroelectronics FP-ATR-ASTRA1 2.0.1
2025-02-20 10:45:12,816 [INFO] ThirdParty:1030 - CMSIS Pack Vendor :STMicroelectronics X-CUBE-SMBUS 2.1.0
2025-02-20 10:45:12,816 [INFO] ThirdParty:1030 - CMSIS Pack Vendor :STMicroelectronics X-CUBE-WB05N 1.1.0
2025-02-20 10:45:12,816 [INFO] ThirdParty:1030 - CMSIS Pack Vendor :STMicroelectronics USB_DEVICE 3.0.0
2025-02-20 10:45:12,816 [INFO] ThirdParty:1030 - CMSIS Pack Vendor :STMicroelectronics X-CUBE-ISPU 2.1.0
2025-02-20 10:45:12,816 [INFO] ThirdParty:1030 - CMSIS Pack Vendor :STMicroelectronics X-CUBE-AZRTOS-WB 2.0.0
2025-02-20 10:45:12,816 [INFO] ThirdParty:1030 - CMSIS Pack Vendor :STMicroelectronics X-CUBE-GNSS1 7.0.1
2025-02-20 10:45:12,816 [INFO] ThirdParty:1030 - CMSIS Pack Vendor :STMicroelectronics X-CUBE-AZRTOS-F7 1.1.0
2025-02-20 10:45:12,816 [INFO] ThirdParty:1030 - CMSIS Pack Vendor :STMicroelectronics X-CUBE-AZRTOS-L5 2.0.0
2025-02-20 10:45:12,816 [INFO] ThirdParty:1030 - CMSIS Pack Vendor :STMicroelectronics USB_DEVICE 2.0.0
2025-02-20 10:45:12,816 [INFO] ThirdParty:1030 - CMSIS Pack Vendor :STMicroelectronics X-CUBE-NFC6 3.1.0
2025-02-20 10:45:12,816 [INFO] ThirdParty:1030 - CMSIS Pack Vendor :STMicroelectronics FreeRTOS 0.0.1
2025-02-20 10:45:12,816 [INFO] ThirdParty:1030 - CMSIS Pack Vendor :STMicroelectronics X-CUBE-AZRTOS-G0 1.1.0
2025-02-20 10:45:12,816 [INFO] ThirdParty:1030 - CMSIS Pack Vendor :STMicroelectronics X-CUBE-SAFEA1 1.2.2
2025-02-20 10:45:12,816 [INFO] ThirdParty:1030 - CMSIS Pack Vendor :STMicroelectronics X-CUBE-NFC4 3.0.0
2025-02-20 10:45:12,816 [INFO] ThirdParty:1030 - CMSIS Pack Vendor :STMicroelectronics X-CUBE-SUBG2 5.0.0
2025-02-20 10:45:12,817 [INFO] ThirdParty:1030 - CMSIS Pack Vendor :STMicroelectronics STM32_WPAN 1.0.0
2025-02-20 10:45:12,817 [INFO] ThirdParty:1030 - CMSIS Pack Vendor :STMicroelectronics lwIP 2.0.3
2025-02-20 10:45:12,817 [INFO] ThirdParty:1030 - CMSIS Pack Vendor :STMicroelectronics FP-SNS-FLIGHT1 5.0.2
2025-02-20 10:45:12,817 [INFO] ThirdParty:1030 - CMSIS Pack Vendor :Cesanta I-CUBE-Mongoose 7.13.0
2025-02-20 10:45:12,817 [INFO] ThirdParty:1030 - CMSIS Pack Vendor :STMicroelectronics USB_HOST 1.0.0
2025-02-20 10:45:12,817 [INFO] ThirdParty:1030 - CMSIS Pack Vendor :STMicroelectronics X-CUBE-AZRTOS-G4 2.0.0
2025-02-20 10:45:12,817 [INFO] ThirdParty:1030 - CMSIS Pack Vendor :STMicroelectronics PDM2PCM 3.1.0
2025-02-20 10:45:12,817 [INFO] ThirdParty:1030 - CMSIS Pack Vendor :STMicroelectronics PDM2PCM 3.3.0
2025-02-20 10:45:12,817 [INFO] ThirdParty:1030 - CMSIS Pack Vendor :STMicroelectronics X-CUBE-DISPLAY 3.0.0
2025-02-20 10:45:12,817 [INFO] ThirdParty:1030 - CMSIS Pack Vendor :STMicroelectronics X-CUBE-BLE1 7.0.0
2025-02-20 10:45:12,817 [INFO] ThirdParty:1030 - CMSIS Pack Vendor :STMicroelectronics FP-ATR-SIGFOX1 3.2.0
2025-02-20 10:45:12,817 [INFO] ThirdParty:1030 - CMSIS Pack Vendor :STMicroelectronics X-CUBE-NFC10 1.0.0
2025-02-20 10:45:12,817 [INFO] ThirdParty:1030 - CMSIS Pack Vendor :STMicroelectronics X-CUBE-EEPRMA1 5.1.0
2025-02-20 10:45:12,818 [INFO] ThirdParty:1030 - CMSIS Pack Vendor :STMicroelectronics HAL Drivers 0.0.0
2025-02-20 10:45:12,818 [INFO] ThirdParty:1030 - CMSIS Pack Vendor :STMicroelectronics MBEDTLS 2.16.2
2025-02-20 10:45:12,818 [INFO] ThirdParty:1030 - CMSIS Pack Vendor :STMicroelectronics X-CUBE-ALS 1.0.2
2025-02-20 10:45:12,818 [INFO] ThirdParty:1030 - CMSIS Pack Vendor :emotas I-CUBE-CANOPEN 1.3.0
2025-02-20 10:45:12,818 [INFO] ThirdParty:1030 - CMSIS Pack Vendor :STMicroelectronics X-CUBE-FREERTOS 1.3.0
2025-02-20 10:45:12,818 [INFO] ThirdParty:1030 - CMSIS Pack Vendor :STMicroelectronics X-CUBE-NFC7 1.0.1
2025-02-20 10:45:12,818 [INFO] ThirdParty:1030 - CMSIS Pack Vendor :STMicroelectronics MBEDTLS 2.14.1
2025-02-20 10:45:12,818 [INFO] ThirdParty:1030 - CMSIS Pack Vendor :wolfSSL I-CUBE-wolfSSL 5.7.6
2025-02-20 10:45:12,818 [INFO] ThirdParty:1030 - CMSIS Pack Vendor :ITTIA_DB I-CUBE-ITTIADB 8.9.0
2025-02-20 10:45:12,818 [INFO] ThirdParty:1030 - CMSIS Pack Vendor :STMicroelectronics X-CUBE-TOUCHGFX 4.24.2
2025-02-20 10:45:12,818 [INFO] ThirdParty:1030 - CMSIS Pack Vendor :wolfSSL I-CUBE-wolfTPM 3.4.0
2025-02-20 10:45:12,818 [INFO] ThirdParty:1030 - CMSIS Pack Vendor :portGmbH I-Cube-SoM-uGOAL 1.1.0
2025-02-20 10:45:12,818 [INFO] ThirdParty:1030 - CMSIS Pack Vendor :STMicroelectronics X-CUBE-AI 10.0.0
2025-02-20 10:45:12,818 [INFO] ThirdParty:1030 - CMSIS Pack Vendor :STMicroelectronics ThreadX 1.0.0
2025-02-20 10:45:12,818 [INFO] ThirdParty:1030 - CMSIS Pack Vendor :STMicroelectronics FP-SNS-SMARTAG2 1.2.0
2025-02-20 10:45:12,818 [INFO] ThirdParty:1030 - CMSIS Pack Vendor :STMicroelectronics X-CUBE-MEMS1 11.1.0
2025-02-20 10:45:12,818 [INFO] ThirdParty:1030 - CMSIS Pack Vendor :STMicroelectronics X-CUBE-AZRTOS-WL 2.0.0
2025-02-20 10:45:12,818 [INFO] ThirdParty:1030 - CMSIS Pack Vendor :SEGGER I-CUBE-embOS 1.3.1
2025-02-20 10:45:12,818 [INFO] ThirdParty:1030 - CMSIS Pack Vendor :STMicroelectronics X-CUBE-ALGOBUILD 1.4.0
2025-02-20 10:45:12,818 [INFO] ThirdParty:1030 - CMSIS Pack Vendor :STMicroelectronics FP-SNS-MOTENV1 5.0.0
2025-02-20 10:45:12,818 [INFO] ThirdParty:1030 - CMSIS Pack Vendor :STMicroelectronics USB_DEVICE 1.0.0
2025-02-20 10:45:12,819 [INFO] ThirdParty:1030 - CMSIS Pack Vendor :STMicroelectronics X-CUBE-AZRTOS-H7RS 1.0.0
2025-02-20 10:45:12,819 [INFO] ThirdParty:1030 - CMSIS Pack Vendor :wolfSSL I-CUBE-wolfMQTT 1.19.0
2025-02-20 10:45:12,819 [INFO] ThirdParty:1030 - CMSIS Pack Vendor :STMicroelectronics X-CUBE-AZRTOS-L4 2.0.0
2025-02-20 10:45:12,819 [INFO] ThirdParty:1030 - CMSIS Pack Vendor :STMicroelectronics ThreadX 0.0.2
2025-02-20 10:45:12,819 [INFO] ThirdParty:1030 - CMSIS Pack Vendor :WES I-CUBE-Cesium 1.3.0
2025-02-20 10:45:12,819 [INFO] ThirdParty:1030 - CMSIS Pack Vendor :STMicroelectronics lwIP 2.1.2
2025-02-20 10:45:12,819 [INFO] ThirdParty:1030 - CMSIS Pack Vendor :STMicroelectronics X-CUBE-SFXS2LP1 4.0.0
2025-02-20 10:45:12,819 [INFO] ThirdParty:1030 - CMSIS Pack Vendor :STMicroelectronics X-CUBE-BLE2 3.3.0
2025-02-20 10:45:12,819 [INFO] ThirdParty:1030 - CMSIS Pack Vendor :STMicroelectronics PDM2PCM 3.2.0
2025-02-20 10:45:12,819 [INFO] ThirdParty:1030 - CMSIS Pack Vendor :wolfSSL I-CUBE-wolfSSH 1.4.17
2025-02-20 10:45:12,819 [INFO] ThirdParty:841 - exiting critical section [change project]
2025-02-20 10:45:13,504 [INFO] PinOutPanel:1499 - setPackage(No Configuration,No Configuration)
2025-02-20 10:45:13,504 [INFO] PinOutPanel:1499 - setPackage(STM32F407VGTx,LQFP100)
2025-02-20 10:45:14,100 [INFO] UtilMem:75 - Before build in PCC Used Memory: 631931832 Bytes (1073741824)
2025-02-20 10:45:15,347 [INFO] UtilMem:75 - After build in PCC Used Memory: 723978672 Bytes (1073741824)
2025-02-20 10:45:15,413 [INFO] IPUIPlugin:80 - create IPUIPlugin
2025-02-20 10:45:15,413 [INFO] IPUIPlugin:80 - create IPUIPlugin
2025-02-20 10:45:15,413 [INFO] IPUIPlugin:80 - create IPUIPlugin
2025-02-20 10:45:15,413 [INFO] IPUIPlugin:80 - create IPUIPlugin
2025-02-20 10:45:15,413 [INFO] IPUIPlugin:80 - create IPUIPlugin
2025-02-20 10:45:15,414 [INFO] IPUIPlugin:80 - create IPUIPlugin
2025-02-20 10:45:15,414 [INFO] IPUIPlugin:80 - create IPUIPlugin
2025-02-20 10:45:15,415 [INFO] IPUIPlugin:80 - create IPUIPlugin
2025-02-20 10:45:15,415 [INFO] IPUIPlugin:80 - create IPUIPlugin
2025-02-20 10:45:15,415 [INFO] IPUIPlugin:80 - create IPUIPlugin
2025-02-20 10:45:15,415 [INFO] IPUIPlugin:80 - create IPUIPlugin
2025-02-20 10:45:15,416 [INFO] IPUIPlugin:80 - create IPUIPlugin
2025-02-20 10:45:15,416 [INFO] IPUIPlugin:80 - create IPUIPlugin
2025-02-20 10:45:15,416 [INFO] IPUIPlugin:80 - create IPUIPlugin
2025-02-20 10:45:15,417 [INFO] IPUIPlugin:80 - create IPUIPlugin
2025-02-20 10:45:15,417 [INFO] IPUIPlugin:80 - create IPUIPlugin
2025-02-20 10:45:15,417 [INFO] IPUIPlugin:80 - create IPUIPlugin
2025-02-20 10:45:15,418 [INFO] IPUIPlugin:80 - create IPUIPlugin
2025-02-20 10:45:15,418 [INFO] IPUIPlugin:80 - create IPUIPlugin
2025-02-20 10:45:15,418 [INFO] IPUIPlugin:80 - create IPUIPlugin
2025-02-20 10:45:15,419 [INFO] IPUIPlugin:80 - create IPUIPlugin
2025-02-20 10:45:15,420 [INFO] IPUIPlugin:80 - create IPUIPlugin
2025-02-20 10:45:15,420 [INFO] IPUIPlugin:80 - create IPUIPlugin
2025-02-20 10:45:15,421 [INFO] IPUIPlugin:80 - create IPUIPlugin
2025-02-20 10:45:15,421 [INFO] IPUIPlugin:80 - create IPUIPlugin
2025-02-20 10:45:15,421 [INFO] IPUIPlugin:80 - create IPUIPlugin
2025-02-20 10:45:15,422 [INFO] IPUIPlugin:80 - create IPUIPlugin
2025-02-20 10:45:15,422 [INFO] IPUIPlugin:80 - create IPUIPlugin
2025-02-20 10:45:15,423 [INFO] IPUIPlugin:80 - create IPUIPlugin
2025-02-20 10:45:15,423 [INFO] IPUIPlugin:80 - create IPUIPlugin
2025-02-20 10:45:15,424 [INFO] IPUIPlugin:80 - create IPUIPlugin
2025-02-20 10:45:15,424 [INFO] IPUIPlugin:80 - create IPUIPlugin
2025-02-20 10:45:15,424 [INFO] IPUIPlugin:80 - create IPUIPlugin
2025-02-20 10:45:15,425 [INFO] IPUIPlugin:80 - create IPUIPlugin
2025-02-20 10:45:15,425 [INFO] IPUIPlugin:80 - create IPUIPlugin
2025-02-20 10:45:15,426 [INFO] IPUIPlugin:80 - create IPUIPlugin
2025-02-20 10:45:15,427 [INFO] IPUIPlugin:80 - create IPUIPlugin
2025-02-20 10:45:15,427 [INFO] IPUIPlugin:80 - create IPUIPlugin
2025-02-20 10:45:15,428 [INFO] IPUIPlugin:80 - create IPUIPlugin
2025-02-20 10:45:15,428 [INFO] IPUIPlugin:80 - create IPUIPlugin
2025-02-20 10:45:15,429 [INFO] IPUIPlugin:80 - create IPUIPlugin
2025-02-20 10:45:15,429 [INFO] IPUIPlugin:80 - create IPUIPlugin
2025-02-20 10:45:15,430 [INFO] IPUIPlugin:80 - create IPUIPlugin
2025-02-20 10:45:15,431 [INFO] IPUIPlugin:80 - create IPUIPlugin
2025-02-20 10:45:15,432 [INFO] IPUIPlugin:80 - create IPUIPlugin
2025-02-20 10:45:15,432 [INFO] IPUIPlugin:80 - create IPUIPlugin
2025-02-20 10:45:15,433 [INFO] IPUIPlugin:80 - create IPUIPlugin
2025-02-20 10:45:15,434 [INFO] IPUIPlugin:80 - create IPUIPlugin
2025-02-20 10:45:15,435 [INFO] IPUIPlugin:80 - create IPUIPlugin
2025-02-20 10:45:15,435 [INFO] IPUIPlugin:80 - create IPUIPlugin
2025-02-20 10:45:15,436 [INFO] IPUIPlugin:80 - create IPUIPlugin
2025-02-20 10:45:15,438 [INFO] IPUIPlugin:80 - create IPUIPlugin
2025-02-20 10:45:15,439 [INFO] IPUIPlugin:80 - create IPUIPlugin
2025-02-20 10:45:15,440 [INFO] IPUIPlugin:80 - create IPUIPlugin
2025-02-20 10:45:15,441 [INFO] IPUIPlugin:80 - create IPUIPlugin
2025-02-20 10:45:15,442 [INFO] IPUIPlugin:80 - create IPUIPlugin
2025-02-20 10:45:15,443 [INFO] IPUIPlugin:80 - create IPUIPlugin
2025-02-20 10:45:15,444 [INFO] IPUIPlugin:80 - create IPUIPlugin
2025-02-20 10:45:15,552 [INFO] ApiDbMcu:507 - Load IP Config File for PDM2PCM
2025-02-20 10:45:15,828 [INFO] CADModel:165 - CPN selected for project levelSTM32F407VGT6
2025-02-20 10:45:15,828 [INFO] CADModel:114 - Register for checkConnection events
2025-02-20 10:45:15,891 [INFO] OpenFileManager:328 - Restore cursor
2025-02-20 11:57:04,565 [ERROR] LogOutputStream:75 - [STDERR_REDIRECT] 
